[   271.925] 
X.Org X Server 1.21.1.3
X Protocol Version 11, Revision 0
[   271.925] Current Operating System: Linux tester 5.18.9-arch1-1 #1 SMP PREEMPT_DYNAMIC Sat, 02 Jul 2022 21:03:06 +0000 x86_64
[   271.925] Kernel command line: BOOT_IMAGE=/vmlinuz-linux root=UUID=acd0db94-48c5-43d2-b6de-981dbe624833 rw loglevel=3 quiet
[   271.925]  
[   271.925] Current version of pixman: 0.40.0
[   271.925] 	Before reporting problems, check http://wiki.x.org
	to make sure that you have the latest version.
[   271.925] Markers: (--) probed, (**) from config file, (==) default setting,
	(++) from command line, (!!) notice, (II) informational,
	(WW) warning, (EE) error, (NI) not implemented, (??) unknown.
[   271.925] (==) Log file: "/home/david/.local/share/xorg/Xorg.1.log", Time: Mon Jul 18 12:31:12 2022
[   271.925] (==) Using config directory: "/etc/X11/xorg.conf.d"
[   271.925] (==) Using system config directory "/usr/share/X11/xorg.conf.d"
[   271.926] (==) No Layout section.  Using the first Screen section.
[   271.926] (==) No screen section available. Using defaults.
[   271.926] (**) |-->Screen "Default Screen Section" (0)
[   271.926] (**) |   |-->Monitor "<default monitor>"
[   271.926] (==) No monitor specified for screen "Default Screen Section".
	Using a default monitor configuration.
[   271.926] (==) Automatically adding devices
[   271.926] (==) Automatically enabling devices
[   271.926] (==) Automatically adding GPU devices
[   271.926] (==) Automatically binding GPU devices
[   271.926] (==) Max clients allowed: 256, resource mask: 0x1fffff
[   271.926] (WW) The directory "/usr/share/fonts/misc" does not exist.
[   271.926] 	Entry deleted from font path.
[   271.926] (WW) `fonts.dir' not found (or not valid) in "/usr/share/fonts/TTF".
[   271.926] 	Entry deleted from font path.
[   271.926] 	(Run 'mkfontdir' on "/usr/share/fonts/TTF").
[   271.926] (WW) The directory "/usr/share/fonts/OTF" does not exist.
[   271.926] 	Entry deleted from font path.
[   271.926] (WW) The directory "/usr/share/fonts/Type1" does not exist.
[   271.926] 	Entry deleted from font path.
[   271.926] (WW) The directory "/usr/share/fonts/100dpi" does not exist.
[   271.926] 	Entry deleted from font path.
[   271.926] (WW) The directory "/usr/share/fonts/75dpi" does not exist.
[   271.926] 	Entry deleted from font path.
[   271.926] (==) FontPath set to:
	
[   271.926] (==) ModulePath set to "/usr/lib/xorg/modules"
[   271.926] (II) The server relies on udev to provide the list of input devices.
	If no devices become available, reconfigure udev or disable AutoAddDevices.
[   271.926] (II) Module ABI versions:
[   271.926] 	X.Org ANSI C Emulation: 0.4
[   271.926] 	X.Org Video Driver: 25.2
[   271.926] 	X.Org XInput driver : 24.4
[   271.926] 	X.Org Server Extension : 10.0
[   271.927] (++) using VT number 3

[   271.928] (II) systemd-logind: took control of session /org/freedesktop/login1/session/_35
[   271.930] (II) xfree86: Adding drm device (/dev/dri/card0)
[   271.930] (II) Platform probe for /sys/devices/pci0000:00/0000:00:02.0/drm/card0
[   271.930] (II) systemd-logind: got fd for /dev/dri/card0 226:0 fd 13 paused 0
[   271.933] (--) PCI:*(0@0:2:0) 8086:0126:17aa:21da rev 9, Mem @ 0xf0000000/4194304, 0xe0000000/268435456, I/O @ 0x00005000/64, BIOS @ 0x????????/131072
[   271.933] (WW) Open ACPI failed (/var/run/acpid.socket) (No such file or directory)
[   271.933] (II) LoadModule: "glx"
[   271.933] (II) Loading /usr/lib/xorg/modules/extensions/libglx.so
[   271.934] (II) Module glx: vendor="X.Org Foundation"
[   271.934] 	compiled for 1.21.1.3, module version = 1.0.0
[   271.934] 	ABI class: X.Org Server Extension, version 10.0
[   271.934] (==) Matched intel as autoconfigured driver 0
[   271.934] (==) Matched modesetting as autoconfigured driver 1
[   271.934] (==) Matched fbdev as autoconfigured driver 2
[   271.934] (==) Matched vesa as autoconfigured driver 3
[   271.934] (==) Assigned the driver to the xf86ConfigLayout
[   271.934] (II) LoadModule: "intel"
[   271.934] (WW) Warning, couldn't open module intel
[   271.934] (EE) Failed to load module "intel" (module does not exist, 0)
[   271.934] (II) LoadModule: "modesetting"
[   271.934] (II) Loading /usr/lib/xorg/modules/drivers/modesetting_drv.so
[   271.935] (II) Module modesetting: vendor="X.Org Foundation"
[   271.935] 	compiled for 1.21.1.3, module version = 1.21.1
[   271.935] 	Module class: X.Org Video Driver
[   271.935] 	ABI class: X.Org Video Driver, version 25.2
[   271.935] (II) LoadModule: "fbdev"
[   271.935] (WW) Warning, couldn't open module fbdev
[   271.935] (EE) Failed to load module "fbdev" (module does not exist, 0)
[   271.935] (II) LoadModule: "vesa"
[   271.935] (WW) Warning, couldn't open module vesa
[   271.935] (EE) Failed to load module "vesa" (module does not exist, 0)
[   271.935] (II) modesetting: Driver for Modesetting Kernel Drivers: kms
[   271.935] (II) modeset(0): using drv /dev/dri/card0
[   271.935] (WW) VGA arbiter: cannot open kernel arbiter, no multi-card support
[   271.935] (II) modeset(0): Creating default Display subsection in Screen section
	"Default Screen Section" for depth/fbbpp 24/32
[   271.935] (==) modeset(0): Depth 24, (==) framebuffer bpp 32
[   271.935] (==) modeset(0): RGB weight 888
[   271.935] (==) modeset(0): Default visual is TrueColor
[   271.935] (II) Loading sub module "glamoregl"
[   271.935] (II) LoadModule: "glamoregl"
[   271.935] (II) Loading /usr/lib/xorg/modules/libglamoregl.so
[   271.938] (II) Module glamoregl: vendor="X.Org Foundation"
[   271.938] 	compiled for 1.21.1.3, module version = 1.0.1
[   271.938] 	ABI class: X.Org ANSI C Emulation, version 0.4
[   271.968] (II) modeset(0): glamor X acceleration enabled on Mesa Intel(R) HD Graphics 3000 (SNB GT2)
[   271.968] (II) modeset(0): glamor initialized
[   271.968] (==) modeset(0): VariableRefresh: disabled
[   271.968] (==) modeset(0): AsyncFlipSecondaries: disabled
[   271.968] (II) modeset(0): Output LVDS-1 has no monitor section
[   271.969] (II) modeset(0): Output VGA-1 has no monitor section
[   272.148] (II) modeset(0): Output HDMI-1 has no monitor section
[   272.148] (II) modeset(0): Output DP-1 has no monitor section
[   272.150] (II) modeset(0): Output HDMI-2 has no monitor section
[   272.152] (II) modeset(0): Output HDMI-3 has no monitor section
[   272.152] (II) modeset(0): Output DP-2 has no monitor section
[   272.152] (II) modeset(0): Output DP-3 has no monitor section
[   272.152] (II) modeset(0): EDID for output LVDS-1
[   272.152] (II) modeset(0): Manufacturer: LGD  Model: 2d3  Serial#: 0
[   272.152] (II) modeset(0): Year: 2011  Week: 0
[   272.152] (II) modeset(0): EDID Version: 1.3
[   272.152] (II) modeset(0): Digital Display Input
[   272.152] (II) modeset(0): Max Image Size [cm]: horiz.: 28  vert.: 16
[   272.152] (II) modeset(0): Gamma: 2.20
[   272.152] (II) modeset(0): DPMS capabilities: StandBy Suspend Off
[   272.152] (II) modeset(0): Supported color encodings: RGB 4:4:4 YCrCb 4:4:4 
[   272.152] (II) modeset(0): First detailed timing is preferred mode
[   272.152] (II) modeset(0): redX: 0.586 redY: 0.345   greenX: 0.340 greenY: 0.559
[   272.152] (II) modeset(0): blueX: 0.158 blueY: 0.127   whiteX: 0.313 whiteY: 0.329
[   272.152] (II) modeset(0): Manufacturer's mask: 0
[   272.152] (II) modeset(0): Supported detailed timing:
[   272.152] (II) modeset(0): clock: 74.8 MHz   Image Size:  277 x 156 mm
[   272.152] (II) modeset(0): h_active: 1366  h_sync: 1414  h_sync_end 1446 h_blank_end 1578 h_border: 0
[   272.152] (II) modeset(0): v_active: 768  v_sync: 770  v_sync_end 775 v_blanking: 790 v_border: 0
[   272.152] (II) modeset(0):  LG Display
[   272.152] (II) modeset(0):  LP125WH2-TLB1
[   272.152] (II) modeset(0): EDID (in hex):
[   272.152] (II) modeset(0): 	00ffffffffffff0030e4d30200000000
[   272.152] (II) modeset(0): 	00150103801c1078ea10a59658578f28
[   272.152] (II) modeset(0): 	20505400000001010101010101010101
[   272.152] (II) modeset(0): 	010101010101381d56d4500016303020
[   272.152] (II) modeset(0): 	2500159c1000001b0000000000000000
[   272.152] (II) modeset(0): 	00000000000000000000000000fe004c
[   272.152] (II) modeset(0): 	4720446973706c61790a2020000000fe
[   272.152] (II) modeset(0): 	004c503132355748322d544c423100f7
[   272.152] (II) modeset(0): Printing probed modes for output LVDS-1
[   272.152] (II) modeset(0): Modeline "1366x768"x60.0   74.80  1366 1414 1446 1578  768 770 775 790 +hsync -vsync (47.4 kHz eP)
[   272.152] (II) modeset(0): Modeline "1280x720"x120.0  156.12  1280 1376 1512 1744  720 721 724 746 doublescan -hsync +vsync (89.5 kHz d)
[   272.152] (II) modeset(0): Modeline "1280x720"x120.0  120.75  1280 1304 1320 1360  720 721 724 740 doublescan +hsync -vsync (88.8 kHz d)
[   272.152] (II) modeset(0): Modeline "1280x720"x59.9   74.50  1280 1344 1472 1664  720 723 728 748 -hsync +vsync (44.8 kHz d)
[   272.152] (II) modeset(0): Modeline "1280x720"x59.7   63.75  1280 1328 1360 1440  720 723 728 741 +hsync -vsync (44.3 kHz d)
[   272.152] (II) modeset(0): Modeline "1024x768"x120.1  133.47  1024 1100 1212 1400  768 768 770 794 doublescan -hsync +vsync (95.3 kHz d)
[   272.152] (II) modeset(0): Modeline "1024x768"x60.0   65.00  1024 1048 1184 1344  768 771 777 806 -hsync -vsync (48.4 kHz d)
[   272.152] (II) modeset(0): Modeline "960x720"x120.0  117.00  960 1024 1128 1300  720 720 722 750 doublescan -hsync +vsync (90.0 kHz d)
[   272.152] (II) modeset(0): Modeline "928x696"x120.1  109.15  928 976 1088 1264  696 696 698 719 doublescan -hsync +vsync (86.4 kHz d)
[   272.152] (II) modeset(0): Modeline "896x672"x120.0  102.40  896 960 1060 1224  672 672 674 697 doublescan -hsync +vsync (83.7 kHz d)
[   272.152] (II) modeset(0): Modeline "1024x576"x119.9   98.50  1024 1092 1200 1376  576 577 580 597 doublescan -hsync +vsync (71.6 kHz d)
[   272.152] (II) modeset(0): Modeline "1024x576"x119.9   78.38  1024 1048 1064 1104  576 577 580 592 doublescan +hsync -vsync (71.0 kHz d)
[   272.152] (II) modeset(0): Modeline "1024x576"x59.9   46.50  1024 1064 1160 1296  576 579 584 599 -hsync +vsync (35.9 kHz d)
[   272.152] (II) modeset(0): Modeline "1024x576"x59.8   42.00  1024 1072 1104 1184  576 579 584 593 +hsync -vsync (35.5 kHz d)
[   272.152] (II) modeset(0): Modeline "960x600"x119.9   96.62  960 1028 1128 1296  600 601 604 622 doublescan -hsync +vsync (74.6 kHz d)
[   272.152] (II) modeset(0): Modeline "960x600"x120.0   77.00  960 984 1000 1040  600 601 604 617 doublescan +hsync -vsync (74.0 kHz d)
[   272.152] (II) modeset(0): Modeline "960x540"x119.9   86.50  960 1024 1124 1288  540 541 544 560 doublescan -hsync +vsync (67.2 kHz d)
[   272.152] (II) modeset(0): Modeline "960x540"x120.0   69.25  960 984 1000 1040  540 541 544 555 doublescan +hsync -vsync (66.6 kHz d)
[   272.153] (II) modeset(0): Modeline "960x540"x59.6   40.75  960 992 1088 1216  540 543 548 562 -hsync +vsync (33.5 kHz d)
[   272.153] (II) modeset(0): Modeline "960x540"x59.8   37.25  960 1008 1040 1120  540 543 548 556 +hsync -vsync (33.3 kHz d)
[   272.153] (II) modeset(0): Modeline "800x600"x120.0   81.00  800 832 928 1080  600 600 602 625 doublescan +hsync +vsync (75.0 kHz d)
[   272.153] (II) modeset(0): Modeline "800x600"x60.3   40.00  800 840 968 1056  600 601 605 628 +hsync +vsync (37.9 kHz d)
[   272.153] (II) modeset(0): Modeline "800x600"x56.2   36.00  800 824 896 1024  600 601 603 625 +hsync +vsync (35.2 kHz d)
[   272.153] (II) modeset(0): Modeline "840x525"x120.0   73.12  840 892 980 1120  525 526 529 544 doublescan -hsync +vsync (65.3 kHz d)
[   272.153] (II) modeset(0): Modeline "840x525"x119.8   59.50  840 864 880 920  525 526 529 540 doublescan +hsync -vsync (64.7 kHz d)
[   272.153] (II) modeset(0): Modeline "864x486"x59.9   32.50  864 888 968 1072  486 489 494 506 -hsync +vsync (30.3 kHz d)
[   272.153] (II) modeset(0): Modeline "864x486"x59.6   30.50  864 912 944 1024  486 489 494 500 +hsync -vsync (29.8 kHz d)
[   272.153] (II) modeset(0): Modeline "700x525"x120.0   61.00  700 744 820 940  525 526 532 541 doublescan +hsync +vsync (64.9 kHz d)
[   272.153] (II) modeset(0): Modeline "800x450"x119.9   59.12  800 848 928 1056  450 451 454 467 doublescan -hsync +vsync (56.0 kHz d)
[   272.153] (II) modeset(0): Modeline "800x450"x119.6   48.75  800 824 840 880  450 451 454 463 doublescan +hsync -vsync (55.4 kHz d)
[   272.153] (II) modeset(0): Modeline "640x512"x120.0   54.00  640 664 720 844  512 512 514 533 doublescan +hsync +vsync (64.0 kHz d)
[   272.153] (II) modeset(0): Modeline "700x450"x119.9   51.75  700 740 812 924  450 451 456 467 doublescan -hsync +vsync (56.0 kHz d)
[   272.153] (II) modeset(0): Modeline "700x450"x119.8   43.25  700 724 740 780  450 451 456 463 doublescan +hsync -vsync (55.4 kHz d)
[   272.153] (II) modeset(0): Modeline "640x480"x120.0   54.00  640 688 744 900  480 480 482 500 doublescan +hsync +vsync (60.0 kHz d)
[   272.153] (II) modeset(0): Modeline "640x480"x59.9   25.18  640 656 752 800  480 490 492 525 -hsync -vsync (31.5 kHz d)
[   272.153] (II) modeset(0): Modeline "720x405"x59.5   22.50  720 744 808 896  405 408 413 422 -hsync +vsync (25.1 kHz d)
[   272.153] (II) modeset(0): Modeline "720x405"x59.0   21.75  720 768 800 880  405 408 413 419 +hsync -vsync (24.7 kHz d)
[   272.153] (II) modeset(0): Modeline "684x384"x119.8   42.62  684 720 788 892  384 385 390 399 doublescan -hsync +vsync (47.8 kHz d)
[   272.153] (II) modeset(0): Modeline "684x384"x119.7   36.12  684 708 724 764  384 385 390 395 doublescan +hsync -vsync (47.3 kHz d)
[   272.153] (II) modeset(0): Modeline "640x400"x119.8   41.75  640 676 740 840  400 401 404 415 doublescan -hsync +vsync (49.7 kHz d)
[   272.153] (II) modeset(0): Modeline "640x400"x120.0   35.50  640 664 680 720  400 401 404 411 doublescan +hsync -vsync (49.3 kHz d)
[   272.153] (II) modeset(0): Modeline "640x360"x119.7   37.25  640 672 736 832  360 361 364 374 doublescan -hsync +vsync (44.8 kHz d)
[   272.153] (II) modeset(0): Modeline "640x360"x119.7   31.88  640 664 680 720  360 361 364 370 doublescan +hsync -vsync (44.3 kHz d)
[   272.153] (II) modeset(0): Modeline "640x360"x59.8   18.00  640 664 720 800  360 363 368 376 -hsync +vsync (22.5 kHz d)
[   272.153] (II) modeset(0): Modeline "640x360"x59.3   17.75  640 688 720 800  360 363 368 374 +hsync -vsync (22.2 kHz d)
[   272.153] (II) modeset(0): Modeline "512x384"x120.0   32.50  512 524 592 672  384 385 388 403 doublescan -hsync -vsync (48.4 kHz d)
[   272.153] (II) modeset(0): Modeline "512x288"x120.0   23.25  512 532 580 648  288 289 292 299 doublescan -hsync +vsync (35.9 kHz d)
[   272.153] (II) modeset(0): Modeline "512x288"x119.8   21.00  512 536 552 592  288 289 292 296 doublescan +hsync -vsync (35.5 kHz d)
[   272.153] (II) modeset(0): Modeline "480x270"x119.3   20.38  480 496 544 608  270 271 274 281 doublescan -hsync +vsync (33.5 kHz d)
[   272.153] (II) modeset(0): Modeline "480x270"x119.6   18.62  480 504 520 560  270 271 274 278 doublescan +hsync -vsync (33.3 kHz d)
[   272.153] (II) modeset(0): Modeline "400x300"x120.6   20.00  400 420 484 528  300 300 302 314 doublescan +hsync +vsync (37.9 kHz d)
[   272.153] (II) modeset(0): Modeline "400x300"x112.7   18.00  400 412 448 512  300 300 301 312 doublescan +hsync +vsync (35.2 kHz d)
[   272.153] (II) modeset(0): Modeline "432x243"x119.8   16.25  432 444 484 536  243 244 247 253 doublescan -hsync +vsync (30.3 kHz d)
[   272.153] (II) modeset(0): Modeline "432x243"x119.1   15.25  432 456 472 512  243 244 247 250 doublescan +hsync -vsync (29.8 kHz d)
[   272.153] (II) modeset(0): Modeline "320x240"x120.1   12.59  320 328 376 400  240 245 246 262 doublescan -hsync -vsync (31.5 kHz d)
[   272.153] (II) modeset(0): Modeline "360x202"x119.0   11.25  360 372 404 448  202 204 206 211 doublescan -hsync +vsync (25.1 kHz d)
[   272.153] (II) modeset(0): Modeline "360x202"x118.3   10.88  360 384 400 440  202 204 206 209 doublescan +hsync -vsync (24.7 kHz d)
[   272.153] (II) modeset(0): Modeline "320x180"x119.7    9.00  320 332 360 400  180 181 184 188 doublescan -hsync +vsync (22.5 kHz d)
[   272.153] (II) modeset(0): Modeline "320x180"x118.6    8.88  320 344 360 400  180 181 184 187 doublescan +hsync -vsync (22.2 kHz d)
[   272.154] (II) modeset(0): EDID for output VGA-1
[   272.335] (II) modeset(0): EDID for output HDMI-1
[   272.335] (II) modeset(0): EDID for output DP-1
[   272.336] (II) modeset(0): EDID for output HDMI-2
[   272.338] (II) modeset(0): EDID for output HDMI-3
[   272.338] (II) modeset(0): EDID for output DP-2
[   272.338] (II) modeset(0): EDID for output DP-3
[   272.338] (II) modeset(0): Output LVDS-1 connected
[   272.338] (II) modeset(0): Output VGA-1 disconnected
[   272.338] (II) modeset(0): Output HDMI-1 disconnected
[   272.338] (II) modeset(0): Output DP-1 disconnected
[   272.338] (II) modeset(0): Output HDMI-2 disconnected
[   272.338] (II) modeset(0): Output HDMI-3 disconnected
[   272.338] (II) modeset(0): Output DP-2 disconnected
[   272.338] (II) modeset(0): Output DP-3 disconnected
[   272.338] (II) modeset(0): Using exact sizes for initial modes
[   272.338] (II) modeset(0): Output LVDS-1 using initial mode 1366x768 +0+0
[   272.338] (==) modeset(0): Using gamma correction (1.0, 1.0, 1.0)
[   272.338] (==) modeset(0): DPI set to (96, 96)
[   272.338] (II) Loading sub module "fb"
[   272.338] (II) LoadModule: "fb"
[   272.338] (II) Module "fb" already built-in
[   272.351] (==) modeset(0): Backing store enabled
[   272.351] (==) modeset(0): Silken mouse enabled
[   272.375] (II) modeset(0): Initializing kms color map for depth 24, 8 bpc.
[   272.375] (==) modeset(0): DPMS enabled
[   272.376] (II) modeset(0): [DRI2] Setup complete
[   272.376] (II) modeset(0): [DRI2]   DRI driver: crocus
[   272.376] (II) modeset(0): [DRI2]   VDPAU driver: va_gl
[   272.376] (II) Initializing extension Generic Event Extension
[   272.376] (II) Initializing extension SHAPE
[   272.376] (II) Initializing extension MIT-SHM
[   272.376] (II) Initializing extension XInputExtension
[   272.376] (II) Initializing extension XTEST
[   272.376] (II) Initializing extension BIG-REQUESTS
[   272.376] (II) Initializing extension SYNC
[   272.376] (II) Initializing extension XKEYBOARD
[   272.376] (II) Initializing extension XC-MISC
[   272.376] (II) Initializing extension SECURITY
[   272.376] (II) Initializing extension XFIXES
[   272.377] (II) Initializing extension RENDER
[   272.377] (II) Initializing extension RANDR
[   272.377] (II) Initializing extension COMPOSITE
[   272.377] (II) Initializing extension DAMAGE
[   272.377] (II) Initializing extension MIT-SCREEN-SAVER
[   272.377] (II) Initializing extension DOUBLE-BUFFER
[   272.377] (II) Initializing extension RECORD
[   272.377] (II) Initializing extension DPMS
[   272.377] (II) Initializing extension Present
[   272.377] (II) Initializing extension DRI3
[   272.378] (II) Initializing extension X-Resource
[   272.378] (II) Initializing extension XVideo
[   272.378] (II) Initializing extension XVideo-MotionCompensation
[   272.378] (II) Initializing extension GLX
[   272.382] (II) AIGLX: Loaded and initialized crocus
[   272.382] (II) GLX: Initialized DRI2 GL provider for screen 0
[   272.382] (II) Initializing extension XFree86-VidModeExtension
[   272.383] (II) Initializing extension XFree86-DGA
[   272.383] (II) Initializing extension XFree86-DRI
[   272.383] (II) Initializing extension DRI2
[   272.383] (II) modeset(0): Damage tracking initialized
[   272.383] (II) modeset(0): Setting screen physical size to 361 x 203
[   272.431] (II) config/udev: Adding input device Power Button (/dev/input/event2)
[   272.431] (**) Power Button: Applying InputClass "libinput keyboard catchall"
[   272.431] (**) Power Button: Applying InputClass "system-keyboard"
[   272.431] (II) LoadModule: "libinput"
[   272.431] (II) Loading /usr/lib/xorg/modules/input/libinput_drv.so
[   272.432] (II) Module libinput: vendor="X.Org Foundation"
[   272.432] 	compiled for 1.21.1.3, module version = 1.2.1
[   272.432] 	Module class: X.Org XInput Driver
[   272.432] 	ABI class: X.Org XInput driver, version 24.4
[   272.432] (II) Using input driver 'libinput' for 'Power Button'
[   272.433] (II) systemd-logind: got fd for /dev/input/event2 13:66 fd 27 paused 0
[   272.433] (**) Power Button: always reports core events
[   272.433] (**) Option "Device" "/dev/input/event2"
[   272.437] (II) event2  - Power Button: is tagged by udev as: Keyboard
[   272.437] (II) event2  - Power Button: device is a keyboard
[   272.437] (II) event2  - Power Button: device removed
[   272.437] (**) Option "config_info" "udev:/sys/devices/LNXSYSTM:00/LNXPWRBN:00/input/input2/event2"
[   272.437] (II) XINPUT: Adding extended input device "Power Button" (type: KEYBOARD, id 6)
[   272.437] (**) Option "xkb_layout" "es"
[   272.462] (II) event2  - Power Button: is tagged by udev as: Keyboard
[   272.462] (II) event2  - Power Button: device is a keyboard
[   272.463] (II) config/udev: Adding input device Video Bus (/dev/input/event6)
[   272.463] (**) Video Bus: Applying InputClass "libinput keyboard catchall"
[   272.463] (**) Video Bus: Applying InputClass "system-keyboard"
[   272.463] (II) Using input driver 'libinput' for 'Video Bus'
[   272.464] (II) systemd-logind: got fd for /dev/input/event6 13:70 fd 30 paused 0
[   272.464] (**) Video Bus: always reports core events
[   272.464] (**) Option "Device" "/dev/input/event6"
[   272.465] (II) event6  - Video Bus: is tagged by udev as: Keyboard
[   272.465] (II) event6  - Video Bus: device is a keyboard
[   272.465] (II) event6  - Video Bus: device removed
[   272.465] (**) Option "config_info" "udev:/sys/devices/LNXSYSTM:00/LNXSYBUS:00/PNP0A08:00/LNXVIDEO:00/input/input8/event6"
[   272.465] (II) XINPUT: Adding extended input device "Video Bus" (type: KEYBOARD, id 7)
[   272.465] (**) Option "xkb_layout" "es"
[   272.466] (II) event6  - Video Bus: is tagged by udev as: Keyboard
[   272.466] (II) event6  - Video Bus: device is a keyboard
[   272.467] (II) config/udev: Adding input device Lid Switch (/dev/input/event0)
[   272.467] (II) No input driver specified, ignoring this device.
[   272.467] (II) This device may have been added with another device file.
[   272.468] (II) config/udev: Adding input device Sleep Button (/dev/input/event1)
[   272.468] (**) Sleep Button: Applying InputClass "libinput keyboard catchall"
[   272.468] (**) Sleep Button: Applying InputClass "system-keyboard"
[   272.468] (II) Using input driver 'libinput' for 'Sleep Button'
[   272.468] (II) systemd-logind: got fd for /dev/input/event1 13:65 fd 31 paused 0
[   272.468] (**) Sleep Button: always reports core events
[   272.468] (**) Option "Device" "/dev/input/event1"
[   272.469] (II) event1  - Sleep Button: is tagged by udev as: Keyboard
[   272.469] (II) event1  - Sleep Button: device is a keyboard
[   272.469] (II) event1  - Sleep Button: device removed
[   272.469] (**) Option "config_info" "udev:/sys/devices/LNXSYSTM:00/LNXSYBUS:00/PNP0C0E:00/input/input1/event1"
[   272.469] (II) XINPUT: Adding extended input device "Sleep Button" (type: KEYBOARD, id 8)
[   272.469] (**) Option "xkb_layout" "es"
[   272.470] (II) event1  - Sleep Button: is tagged by udev as: Keyboard
[   272.470] (II) event1  - Sleep Button: device is a keyboard
[   272.471] (II) config/udev: Adding input device Integrated Camera: Integrated C (/dev/input/event8)
[   272.471] (**) Integrated Camera: Integrated C: Applying InputClass "libinput keyboard catchall"
[   272.471] (**) Integrated Camera: Integrated C: Applying InputClass "system-keyboard"
[   272.472] (II) Using input driver 'libinput' for 'Integrated Camera: Integrated C'
[   272.472] (II) systemd-logind: got fd for /dev/input/event8 13:72 fd 32 paused 0
[   272.472] (**) Integrated Camera: Integrated C: always reports core events
[   272.472] (**) Option "Device" "/dev/input/event8"
[   272.474] (II) event8  - Integrated Camera: Integrated C: is tagged by udev as: Keyboard
[   272.474] (II) event8  - Integrated Camera: Integrated C: device is a keyboard
[   272.474] (II) event8  - Integrated Camera: Integrated C: device removed
[   272.474] (**) Option "config_info" "udev:/sys/devices/pci0000:00/0000:00:1a.0/usb1/1-1/1-1.6/1-1.6:1.0/input/input10/event8"
[   272.474] (II) XINPUT: Adding extended input device "Integrated Camera: Integrated C" (type: KEYBOARD, id 9)
[   272.474] (**) Option "xkb_layout" "es"
[   272.476] (II) event8  - Integrated Camera: Integrated C: is tagged by udev as: Keyboard
[   272.476] (II) event8  - Integrated Camera: Integrated C: device is a keyboard
[   272.476] (II) config/udev: Adding input device HDA Intel PCH Mic (/dev/input/event9)
[   272.476] (II) No input driver specified, ignoring this device.
[   272.476] (II) This device may have been added with another device file.
[   272.477] (II) config/udev: Adding input device HDA Intel PCH Dock Mic (/dev/input/event10)
[   272.477] (II) No input driver specified, ignoring this device.
[   272.477] (II) This device may have been added with another device file.
[   272.477] (II) config/udev: Adding input device HDA Intel PCH Dock Headphone (/dev/input/event11)
[   272.477] (II) No input driver specified, ignoring this device.
[   272.477] (II) This device may have been added with another device file.
[   272.478] (II) config/udev: Adding input device HDA Intel PCH Headphone (/dev/input/event12)
[   272.478] (II) No input driver specified, ignoring this device.
[   272.478] (II) This device may have been added with another device file.
[   272.478] (II) config/udev: Adding input device HDA Intel PCH HDMI/DP,pcm=3 (/dev/input/event13)
[   272.478] (II) No input driver specified, ignoring this device.
[   272.478] (II) This device may have been added with another device file.
[   272.479] (II) config/udev: Adding input device HDA Intel PCH HDMI/DP,pcm=7 (/dev/input/event14)
[   272.479] (II) No input driver specified, ignoring this device.
[   272.479] (II) This device may have been added with another device file.
[   272.479] (II) config/udev: Adding input device HDA Intel PCH HDMI/DP,pcm=8 (/dev/input/event15)
[   272.479] (II) No input driver specified, ignoring this device.
[   272.479] (II) This device may have been added with another device file.
[   272.480] (II) config/udev: Adding input device AT Translated Set 2 keyboard (/dev/input/event3)
[   272.480] (**) AT Translated Set 2 keyboard: Applying InputClass "libinput keyboard catchall"
[   272.480] (**) AT Translated Set 2 keyboard: Applying InputClass "system-keyboard"
[   272.480] (II) Using input driver 'libinput' for 'AT Translated Set 2 keyboard'
[   272.480] (II) systemd-logind: got fd for /dev/input/event3 13:67 fd 33 paused 0
[   272.480] (**) AT Translated Set 2 keyboard: always reports core events
[   272.480] (**) Option "Device" "/dev/input/event3"
[   272.481] (II) event3  - AT Translated Set 2 keyboard: is tagged by udev as: Keyboard
[   272.482] (II) event3  - AT Translated Set 2 keyboard: device is a keyboard
[   272.482] (II) event3  - AT Translated Set 2 keyboard: device removed
[   272.482] (**) Option "config_info" "udev:/sys/devices/platform/i8042/serio0/input/input3/event3"
[   272.482] (II) XINPUT: Adding extended input device "AT Translated Set 2 keyboard" (type: KEYBOARD, id 10)
[   272.482] (**) Option "xkb_layout" "es"
[   272.483] (II) event3  - AT Translated Set 2 keyboard: is tagged by udev as: Keyboard
[   272.484] (II) event3  - AT Translated Set 2 keyboard: device is a keyboard
[   272.485] (II) config/udev: Adding input device SynPS/2 Synaptics TouchPad (/dev/input/event7)
[   272.485] (**) SynPS/2 Synaptics TouchPad: Applying InputClass "libinput touchpad catchall"
[   272.485] (**) SynPS/2 Synaptics TouchPad: Applying InputClass "touchpad catchall"
[   272.485] (**) SynPS/2 Synaptics TouchPad: Applying InputClass "Default clickpad buttons"
[   272.485] (II) LoadModule: "synaptics"
[   272.485] (II) Loading /usr/lib/xorg/modules/input/synaptics_drv.so
[   272.485] (II) Module synaptics: vendor="X.Org Foundation"
[   272.485] 	compiled for 1.21.1.1, module version = 1.9.1
[   272.485] 	Module class: X.Org XInput Driver
[   272.485] 	ABI class: X.Org XInput driver, version 24.4
[   272.485] (II) Using input driver 'synaptics' for 'SynPS/2 Synaptics TouchPad'
[   272.486] (II) systemd-logind: got fd for /dev/input/event7 13:71 fd 34 paused 0
[   272.486] (**) SynPS/2 Synaptics TouchPad: always reports core events
[   272.486] (**) Option "Device" "/dev/input/event7"
[   272.486] (II) synaptics: SynPS/2 Synaptics TouchPad: found clickpad property
[   272.486] (--) synaptics: SynPS/2 Synaptics TouchPad: x-axis range 1316 - 5627 (res 58)
[   272.486] (--) synaptics: SynPS/2 Synaptics TouchPad: y-axis range 1355 - 4826 (res 81)
[   272.486] (--) synaptics: SynPS/2 Synaptics TouchPad: pressure range 0 - 255
[   272.486] (--) synaptics: SynPS/2 Synaptics TouchPad: finger width range 0 - 15
[   272.486] (--) synaptics: SynPS/2 Synaptics TouchPad: buttons: left double triple
[   272.486] (--) synaptics: SynPS/2 Synaptics TouchPad: Vendor 0x2 Product 0x7
[   272.486] (**) Option "SoftButtonAreas" "50% 0 82% 0 0 0 0 0"
[   272.486] (--) synaptics: SynPS/2 Synaptics TouchPad: touchpad found
[   272.486] (**) SynPS/2 Synaptics TouchPad: always reports core events
[   272.486] (**) Option "config_info" "udev:/sys/devices/platform/i8042/serio1/input/input6/event7"
[   272.486] (II) XINPUT: Adding extended input device "SynPS/2 Synaptics TouchPad" (type: TOUCHPAD, id 11)
[   272.487] (**) synaptics: SynPS/2 Synaptics TouchPad: (accel) MinSpeed is now constant deceleration 2.5
[   272.487] (**) synaptics: SynPS/2 Synaptics TouchPad: (accel) MaxSpeed is now 1.75
[   272.487] (**) synaptics: SynPS/2 Synaptics TouchPad: (accel) AccelFactor is now 0.036
[   272.487] (**) SynPS/2 Synaptics TouchPad: (accel) keeping acceleration scheme 1
[   272.487] (**) SynPS/2 Synaptics TouchPad: (accel) acceleration profile 1
[   272.487] (**) SynPS/2 Synaptics TouchPad: (accel) acceleration factor: 2.000
[   272.487] (**) SynPS/2 Synaptics TouchPad: (accel) acceleration threshold: 4
[   272.487] (--) synaptics: SynPS/2 Synaptics TouchPad: touchpad found
[   272.487] (II) config/udev: Adding input device SynPS/2 Synaptics TouchPad (/dev/input/mouse0)
[   272.487] (**) SynPS/2 Synaptics TouchPad: Ignoring device from InputClass "touchpad ignore duplicates"
[   272.488] (II) config/udev: Adding input device TPPS/2 IBM TrackPoint (/dev/input/event16)
[   272.488] (**) TPPS/2 IBM TrackPoint: Applying InputClass "libinput pointer catchall"
[   272.488] (II) Using input driver 'libinput' for 'TPPS/2 IBM TrackPoint'
[   272.489] (II) systemd-logind: got fd for /dev/input/event16 13:80 fd 35 paused 0
[   272.489] (**) TPPS/2 IBM TrackPoint: always reports core events
[   272.489] (**) Option "Device" "/dev/input/event16"
[   272.490] (II) event16 - TPPS/2 IBM TrackPoint: is tagged by udev as: Mouse Pointingstick
[   272.490] (II) event16 - TPPS/2 IBM TrackPoint: device is a pointer
[   272.491] (II) event16 - TPPS/2 IBM TrackPoint: device removed
[   272.491] (**) Option "config_info" "udev:/sys/devices/platform/i8042/serio1/serio2/input/input9/event16"
[   272.491] (II) XINPUT: Adding extended input device "TPPS/2 IBM TrackPoint" (type: MOUSE, id 12)
[   272.491] (**) Option "AccelerationScheme" "none"
[   272.491] (**) TPPS/2 IBM TrackPoint: (accel) selected scheme none/0
[   272.491] (**) TPPS/2 IBM TrackPoint: (accel) acceleration factor: 2.000
[   272.491] (**) TPPS/2 IBM TrackPoint: (accel) acceleration threshold: 4
[   272.493] (II) event16 - TPPS/2 IBM TrackPoint: is tagged by udev as: Mouse Pointingstick
[   272.493] (II) event16 - TPPS/2 IBM TrackPoint: device is a pointer
[   272.494] (II) config/udev: Adding input device TPPS/2 IBM TrackPoint (/dev/input/mouse1)
[   272.495] (II) No input driver specified, ignoring this device.
[   272.495] (II) This device may have been added with another device file.
[   272.495] (II) config/udev: Adding input device PC Speaker (/dev/input/event4)
[   272.495] (II) No input driver specified, ignoring this device.
[   272.495] (II) This device may have been added with another device file.
[   272.498] (II) config/udev: Adding input device ThinkPad Extra Buttons (/dev/input/event5)
[   272.498] (**) ThinkPad Extra Buttons: Applying InputClass "libinput keyboard catchall"
[   272.498] (**) ThinkPad Extra Buttons: Applying InputClass "system-keyboard"
[   272.498] (II) Using input driver 'libinput' for 'ThinkPad Extra Buttons'
[   272.499] (II) systemd-logind: got fd for /dev/input/event5 13:69 fd 36 paused 0
[   272.499] (**) ThinkPad Extra Buttons: always reports core events
[   272.499] (**) Option "Device" "/dev/input/event5"
[   272.500] (II) event5  - ThinkPad Extra Buttons: is tagged by udev as: Keyboard Switch
[   272.500] (II) event5  - ThinkPad Extra Buttons: device is a keyboard
[   272.500] (II) event5  - ThinkPad Extra Buttons: device is a switch device
[   272.501] (II) event5  - ThinkPad Extra Buttons: device removed
[   272.501] (**) Option "config_info" "udev:/sys/devices/platform/thinkpad_acpi/input/input7/event5"
[   272.501] (II) XINPUT: Adding extended input device "ThinkPad Extra Buttons" (type: KEYBOARD, id 13)
[   272.501] (**) Option "xkb_layout" "es"
[   272.502] (II) event5  - ThinkPad Extra Buttons: is tagged by udev as: Keyboard Switch
[   272.502] (II) event5  - ThinkPad Extra Buttons: device is a keyboard
[   272.502] (II) event5  - ThinkPad Extra Buttons: device is a switch device
[   294.500] (**) Option "fd" "27"
[   294.500] (II) event2  - Power Button: device removed
[   294.501] (**) Option "fd" "30"
[   294.501] (II) event6  - Video Bus: device removed
[   294.501] (**) Option "fd" "31"
[   294.501] (II) event1  - Sleep Button: device removed
[   294.501] (**) Option "fd" "32"
[   294.501] (II) event8  - Integrated Camera: Integrated C: device removed
[   294.501] (**) Option "fd" "33"
[   294.501] (II) event3  - AT Translated Set 2 keyboard: device removed
[   294.501] (**) Option "fd" "35"
[   294.501] (II) event16 - TPPS/2 IBM TrackPoint: device removed
[   294.501] (**) Option "fd" "36"
[   294.501] (II) event5  - ThinkPad Extra Buttons: device removed
[   294.501] (II) AIGLX: Suspending AIGLX clients for VT switch
[   294.552] (II) systemd-logind: got pause for 13:70
[   294.552] (II) systemd-logind: got pause for 13:71
[   294.552] (II) systemd-logind: got pause for 13:69
[   294.552] (II) systemd-logind: got pause for 13:80
[   294.552] (II) systemd-logind: got pause for 13:72
[   294.552] (II) systemd-logind: got pause for 13:65
[   294.552] (II) systemd-logind: got pause for 13:66
[   294.552] (II) systemd-logind: got pause for 13:67
[   297.169] (II) systemd-logind: got resume for 13:70
[   297.189] (II) systemd-logind: got resume for 13:71
[   297.206] (II) systemd-logind: got resume for 13:69
[   297.222] (II) systemd-logind: got resume for 13:80
[   297.239] (II) systemd-logind: got resume for 13:72
[   297.255] (II) systemd-logind: got resume for 13:65
[   297.272] (II) systemd-logind: got resume for 13:66
[   297.289] (II) systemd-logind: got resume for 13:67
[   297.289] (II) systemd-logind: got resume for 226:0
[   297.289] (II) AIGLX: Resuming AIGLX clients after VT switch
[   297.475] (II) modeset(0): EDID vendor "LGD", prod id 723
[   297.475] (II) modeset(0): Printing DDC gathered Modelines:
[   297.475] (II) modeset(0): Modeline "1366x768"x0.0   74.80  1366 1414 1446 1578  768 770 775 790 +hsync -vsync (47.4 kHz eP)
[   297.715] (II) modeset(0): EDID vendor "LGD", prod id 723
[   297.715] (II) modeset(0): Printing DDC gathered Modelines:
[   297.715] (II) modeset(0): Modeline "1366x768"x0.0   74.80  1366 1414 1446 1578  768 770 775 790 +hsync -vsync (47.4 kHz eP)
[   297.917] (II) event2  - Power Button: is tagged by udev as: Keyboard
[   297.917] (II) event2  - Power Button: device is a keyboard
[   297.919] (II) event6  - Video Bus: is tagged by udev as: Keyboard
[   297.919] (II) event6  - Video Bus: device is a keyboard
[   297.921] (II) event1  - Sleep Button: is tagged by udev as: Keyboard
[   297.921] (II) event1  - Sleep Button: device is a keyboard
[   297.925] (II) event8  - Integrated Camera: Integrated C: is tagged by udev as: Keyboard
[   297.925] (II) event8  - Integrated Camera: Integrated C: device is a keyboard
[   297.927] (II) event3  - AT Translated Set 2 keyboard: is tagged by udev as: Keyboard
[   297.928] (II) event3  - AT Translated Set 2 keyboard: device is a keyboard
[   297.929] (--) synaptics: SynPS/2 Synaptics TouchPad: touchpad found
[   297.932] (II) event16 - TPPS/2 IBM TrackPoint: is tagged by udev as: Mouse Pointingstick
[   297.933] (II) event16 - TPPS/2 IBM TrackPoint: device is a pointer
[   297.936] (II) event5  - ThinkPad Extra Buttons: is tagged by udev as: Keyboard Switch
[   297.936] (II) event5  - ThinkPad Extra Buttons: device is a keyboard
[   297.936] (II) event5  - ThinkPad Extra Buttons: device is a switch device
[   501.039] (**) Option "fd" "36"
[   501.039] (II) event2  - Power Button: device removed
[   501.039] (**) Option "fd" "30"
[   501.039] (II) event6  - Video Bus: device removed
[   501.040] (**) Option "fd" "35"
[   501.040] (II) event1  - Sleep Button: device removed
[   501.040] (**) Option "fd" "34"
[   501.040] (II) event8  - Integrated Camera: Integrated C: device removed
[   501.040] (**) Option "fd" "41"
[   501.040] (II) event3  - AT Translated Set 2 keyboard: device removed
[   501.040] (**) Option "fd" "33"
[   501.040] (II) event16 - TPPS/2 IBM TrackPoint: device removed
[   501.040] (**) Option "fd" "32"
[   501.040] (II) event5  - ThinkPad Extra Buttons: device removed
[   501.073] (II) UnloadModule: "libinput"
[   501.073] (II) systemd-logind: releasing fd for 13:69
[   501.102] (II) UnloadModule: "libinput"
[   501.102] (II) systemd-logind: releasing fd for 13:80
[   501.145] (II) UnloadModule: "synaptics"
[   501.145] (II) systemd-logind: releasing fd for 13:71
[   501.195] (II) UnloadModule: "libinput"
[   501.195] (II) systemd-logind: releasing fd for 13:67
[   501.218] (II) UnloadModule: "libinput"
[   501.219] (II) systemd-logind: releasing fd for 13:72
[   501.278] (II) UnloadModule: "libinput"
[   501.279] (II) systemd-logind: releasing fd for 13:65
[   501.298] (II) UnloadModule: "libinput"
[   501.298] (II) systemd-logind: releasing fd for 13:70
[   501.355] (II) UnloadModule: "libinput"
[   501.355] (II) systemd-logind: releasing fd for 13:66
[   501.373] (WW) xf86CloseConsole: KDSETMODE failed: Input/output error
[   501.373] (WW) xf86CloseConsole: VT_GETMODE failed: Input/output error
[   501.373] (WW) xf86OpenConsole: VT_GETSTATE failed: Input/output error
[   501.374] (II) Server terminated successfully (0). Closing log file.
