[    32.442] 
X.Org X Server 1.21.1.3
X Protocol Version 11, Revision 0
[    32.442] Current Operating System: Linux tester 5.18.9-arch1-1 #1 SMP PREEMPT_DYNAMIC Sat, 02 Jul 2022 21:03:06 +0000 x86_64
[    32.442] Kernel command line: BOOT_IMAGE=/vmlinuz-linux root=UUID=acd0db94-48c5-43d2-b6de-981dbe624833 rw loglevel=3 quiet
[    32.442]  
[    32.442] Current version of pixman: 0.40.0
[    32.443] 	Before reporting problems, check http://wiki.x.org
	to make sure that you have the latest version.
[    32.443] Markers: (--) probed, (**) from config file, (==) default setting,
	(++) from command line, (!!) notice, (II) informational,
	(WW) warning, (EE) error, (NI) not implemented, (??) unknown.
[    32.443] (==) Log file: "/home/david/.local/share/xorg/Xorg.0.log", Time: Sun Mar 26 09:42:41 2023
[    32.446] (==) Using config directory: "/etc/X11/xorg.conf.d"
[    32.446] (==) Using system config directory "/usr/share/X11/xorg.conf.d"
[    32.448] (==) No Layout section.  Using the first Screen section.
[    32.448] (==) No screen section available. Using defaults.
[    32.448] (**) |-->Screen "Default Screen Section" (0)
[    32.448] (**) |   |-->Monitor "<default monitor>"
[    32.449] (==) No monitor specified for screen "Default Screen Section".
	Using a default monitor configuration.
[    32.449] (==) Automatically adding devices
[    32.449] (==) Automatically enabling devices
[    32.449] (==) Automatically adding GPU devices
[    32.449] (==) Automatically binding GPU devices
[    32.449] (==) Max clients allowed: 256, resource mask: 0x1fffff
[    32.450] (WW) The directory "/usr/share/fonts/misc" does not exist.
[    32.450] 	Entry deleted from font path.
[    32.451] (WW) `fonts.dir' not found (or not valid) in "/usr/share/fonts/TTF".
[    32.451] 	Entry deleted from font path.
[    32.451] 	(Run 'mkfontdir' on "/usr/share/fonts/TTF").
[    32.451] (WW) The directory "/usr/share/fonts/OTF" does not exist.
[    32.451] 	Entry deleted from font path.
[    32.451] (WW) The directory "/usr/share/fonts/Type1" does not exist.
[    32.451] 	Entry deleted from font path.
[    32.451] (WW) The directory "/usr/share/fonts/100dpi" does not exist.
[    32.451] 	Entry deleted from font path.
[    32.451] (WW) The directory "/usr/share/fonts/75dpi" does not exist.
[    32.451] 	Entry deleted from font path.
[    32.451] (==) FontPath set to:
	
[    32.451] (==) ModulePath set to "/usr/lib/xorg/modules"
[    32.451] (II) The server relies on udev to provide the list of input devices.
	If no devices become available, reconfigure udev or disable AutoAddDevices.
[    32.451] (II) Module ABI versions:
[    32.451] 	X.Org ANSI C Emulation: 0.4
[    32.451] 	X.Org Video Driver: 25.2
[    32.451] 	X.Org XInput driver : 24.4
[    32.451] 	X.Org Server Extension : 10.0
[    32.451] (++) using VT number 1

[    32.455] (II) systemd-logind: took control of session /org/freedesktop/login1/session/_31
[    32.457] (II) xfree86: Adding drm device (/dev/dri/card0)
[    32.457] (II) Platform probe for /sys/devices/pci0000:00/0000:00:02.0/drm/card0
[    32.458] (II) systemd-logind: got fd for /dev/dri/card0 226:0 fd 13 paused 0
[    32.460] (--) PCI:*(0@0:2:0) 8086:0126:17aa:21da rev 9, Mem @ 0xf0000000/4194304, 0xe0000000/268435456, I/O @ 0x00005000/64, BIOS @ 0x????????/131072
[    32.460] (WW) Open ACPI failed (/var/run/acpid.socket) (No such file or directory)
[    32.460] (II) LoadModule: "glx"
[    32.461] (II) Loading /usr/lib/xorg/modules/extensions/libglx.so
[    32.475] (II) Module glx: vendor="X.Org Foundation"
[    32.475] 	compiled for 1.21.1.3, module version = 1.0.0
[    32.475] 	ABI class: X.Org Server Extension, version 10.0
[    32.475] (==) Matched intel as autoconfigured driver 0
[    32.475] (==) Matched modesetting as autoconfigured driver 1
[    32.475] (==) Matched fbdev as autoconfigured driver 2
[    32.475] (==) Matched vesa as autoconfigured driver 3
[    32.475] (==) Assigned the driver to the xf86ConfigLayout
[    32.475] (II) LoadModule: "intel"
[    32.477] (WW) Warning, couldn't open module intel
[    32.477] (EE) Failed to load module "intel" (module does not exist, 0)
[    32.477] (II) LoadModule: "modesetting"
[    32.477] (II) Loading /usr/lib/xorg/modules/drivers/modesetting_drv.so
[    32.482] (II) Module modesetting: vendor="X.Org Foundation"
[    32.482] 	compiled for 1.21.1.3, module version = 1.21.1
[    32.482] 	Module class: X.Org Video Driver
[    32.482] 	ABI class: X.Org Video Driver, version 25.2
[    32.482] (II) LoadModule: "fbdev"
[    32.482] (WW) Warning, couldn't open module fbdev
[    32.482] (EE) Failed to load module "fbdev" (module does not exist, 0)
[    32.482] (II) LoadModule: "vesa"
[    32.482] (WW) Warning, couldn't open module vesa
[    32.482] (EE) Failed to load module "vesa" (module does not exist, 0)
[    32.482] (II) modesetting: Driver for Modesetting Kernel Drivers: kms
[    32.482] (II) modeset(0): using drv /dev/dri/card0
[    32.482] (WW) VGA arbiter: cannot open kernel arbiter, no multi-card support
[    32.483] (II) modeset(0): Creating default Display subsection in Screen section
	"Default Screen Section" for depth/fbbpp 24/32
[    32.483] (==) modeset(0): Depth 24, (==) framebuffer bpp 32
[    32.483] (==) modeset(0): RGB weight 888
[    32.483] (==) modeset(0): Default visual is TrueColor
[    32.483] (II) Loading sub module "glamoregl"
[    32.483] (II) LoadModule: "glamoregl"
[    32.483] (II) Loading /usr/lib/xorg/modules/libglamoregl.so
[    32.493] (II) Module glamoregl: vendor="X.Org Foundation"
[    32.493] 	compiled for 1.21.1.3, module version = 1.0.1
[    32.493] 	ABI class: X.Org ANSI C Emulation, version 0.4
[    32.954] (II) modeset(0): glamor X acceleration enabled on Mesa Intel(R) HD Graphics 3000 (SNB GT2)
[    32.954] (II) modeset(0): glamor initialized
[    32.954] (==) modeset(0): VariableRefresh: disabled
[    32.954] (==) modeset(0): AsyncFlipSecondaries: disabled
[    32.954] (II) modeset(0): Output LVDS-1 has no monitor section
[    32.955] (II) modeset(0): Output VGA-1 has no monitor section
[    33.135] (II) modeset(0): Output HDMI-1 has no monitor section
[    33.135] (II) modeset(0): Output DP-1 has no monitor section
[    33.137] (II) modeset(0): Output HDMI-2 has no monitor section
[    33.138] (II) modeset(0): Output HDMI-3 has no monitor section
[    33.138] (II) modeset(0): Output DP-2 has no monitor section
[    33.138] (II) modeset(0): Output DP-3 has no monitor section
[    33.139] (II) modeset(0): EDID for output LVDS-1
[    33.139] (II) modeset(0): Manufacturer: LGD  Model: 2d3  Serial#: 0
[    33.139] (II) modeset(0): Year: 2011  Week: 0
[    33.139] (II) modeset(0): EDID Version: 1.3
[    33.139] (II) modeset(0): Digital Display Input
[    33.139] (II) modeset(0): Max Image Size [cm]: horiz.: 28  vert.: 16
[    33.139] (II) modeset(0): Gamma: 2.20
[    33.139] (II) modeset(0): DPMS capabilities: StandBy Suspend Off
[    33.139] (II) modeset(0): Supported color encodings: RGB 4:4:4 YCrCb 4:4:4 
[    33.139] (II) modeset(0): First detailed timing is preferred mode
[    33.139] (II) modeset(0): redX: 0.586 redY: 0.345   greenX: 0.340 greenY: 0.559
[    33.139] (II) modeset(0): blueX: 0.158 blueY: 0.127   whiteX: 0.313 whiteY: 0.329
[    33.139] (II) modeset(0): Manufacturer's mask: 0
[    33.139] (II) modeset(0): Supported detailed timing:
[    33.139] (II) modeset(0): clock: 74.8 MHz   Image Size:  277 x 156 mm
[    33.139] (II) modeset(0): h_active: 1366  h_sync: 1414  h_sync_end 1446 h_blank_end 1578 h_border: 0
[    33.139] (II) modeset(0): v_active: 768  v_sync: 770  v_sync_end 775 v_blanking: 790 v_border: 0
[    33.139] (II) modeset(0):  LG Display
[    33.139] (II) modeset(0):  LP125WH2-TLB1
[    33.139] (II) modeset(0): EDID (in hex):
[    33.139] (II) modeset(0): 	00ffffffffffff0030e4d30200000000
[    33.139] (II) modeset(0): 	00150103801c1078ea10a59658578f28
[    33.139] (II) modeset(0): 	20505400000001010101010101010101
[    33.139] (II) modeset(0): 	010101010101381d56d4500016303020
[    33.139] (II) modeset(0): 	2500159c1000001b0000000000000000
[    33.139] (II) modeset(0): 	00000000000000000000000000fe004c
[    33.139] (II) modeset(0): 	4720446973706c61790a2020000000fe
[    33.139] (II) modeset(0): 	004c503132355748322d544c423100f7
[    33.139] (II) modeset(0): Printing probed modes for output LVDS-1
[    33.139] (II) modeset(0): Modeline "1366x768"x60.0   74.80  1366 1414 1446 1578  768 770 775 790 +hsync -vsync (47.4 kHz eP)
[    33.139] (II) modeset(0): Modeline "1280x720"x120.0  156.12  1280 1376 1512 1744  720 721 724 746 doublescan -hsync +vsync (89.5 kHz d)
[    33.139] (II) modeset(0): Modeline "1280x720"x120.0  120.75  1280 1304 1320 1360  720 721 724 740 doublescan +hsync -vsync (88.8 kHz d)
[    33.139] (II) modeset(0): Modeline "1280x720"x59.9   74.50  1280 1344 1472 1664  720 723 728 748 -hsync +vsync (44.8 kHz d)
[    33.139] (II) modeset(0): Modeline "1280x720"x59.7   63.75  1280 1328 1360 1440  720 723 728 741 +hsync -vsync (44.3 kHz d)
[    33.139] (II) modeset(0): Modeline "1024x768"x120.1  133.47  1024 1100 1212 1400  768 768 770 794 doublescan -hsync +vsync (95.3 kHz d)
[    33.139] (II) modeset(0): Modeline "1024x768"x60.0   65.00  1024 1048 1184 1344  768 771 777 806 -hsync -vsync (48.4 kHz d)
[    33.139] (II) modeset(0): Modeline "960x720"x120.0  117.00  960 1024 1128 1300  720 720 722 750 doublescan -hsync +vsync (90.0 kHz d)
[    33.139] (II) modeset(0): Modeline "928x696"x120.1  109.15  928 976 1088 1264  696 696 698 719 doublescan -hsync +vsync (86.4 kHz d)
[    33.139] (II) modeset(0): Modeline "896x672"x120.0  102.40  896 960 1060 1224  672 672 674 697 doublescan -hsync +vsync (83.7 kHz d)
[    33.139] (II) modeset(0): Modeline "1024x576"x119.9   98.50  1024 1092 1200 1376  576 577 580 597 doublescan -hsync +vsync (71.6 kHz d)
[    33.139] (II) modeset(0): Modeline "1024x576"x119.9   78.38  1024 1048 1064 1104  576 577 580 592 doublescan +hsync -vsync (71.0 kHz d)
[    33.139] (II) modeset(0): Modeline "1024x576"x59.9   46.50  1024 1064 1160 1296  576 579 584 599 -hsync +vsync (35.9 kHz d)
[    33.139] (II) modeset(0): Modeline "1024x576"x59.8   42.00  1024 1072 1104 1184  576 579 584 593 +hsync -vsync (35.5 kHz d)
[    33.139] (II) modeset(0): Modeline "960x600"x119.9   96.62  960 1028 1128 1296  600 601 604 622 doublescan -hsync +vsync (74.6 kHz d)
[    33.139] (II) modeset(0): Modeline "960x600"x120.0   77.00  960 984 1000 1040  600 601 604 617 doublescan +hsync -vsync (74.0 kHz d)
[    33.139] (II) modeset(0): Modeline "960x540"x119.9   86.50  960 1024 1124 1288  540 541 544 560 doublescan -hsync +vsync (67.2 kHz d)
[    33.139] (II) modeset(0): Modeline "960x540"x120.0   69.25  960 984 1000 1040  540 541 544 555 doublescan +hsync -vsync (66.6 kHz d)
[    33.139] (II) modeset(0): Modeline "960x540"x59.6   40.75  960 992 1088 1216  540 543 548 562 -hsync +vsync (33.5 kHz d)
[    33.139] (II) modeset(0): Modeline "960x540"x59.8   37.25  960 1008 1040 1120  540 543 548 556 +hsync -vsync (33.3 kHz d)
[    33.139] (II) modeset(0): Modeline "800x600"x120.0   81.00  800 832 928 1080  600 600 602 625 doublescan +hsync +vsync (75.0 kHz d)
[    33.139] (II) modeset(0): Modeline "800x600"x60.3   40.00  800 840 968 1056  600 601 605 628 +hsync +vsync (37.9 kHz d)
[    33.139] (II) modeset(0): Modeline "800x600"x56.2   36.00  800 824 896 1024  600 601 603 625 +hsync +vsync (35.2 kHz d)
[    33.139] (II) modeset(0): Modeline "840x525"x120.0   73.12  840 892 980 1120  525 526 529 544 doublescan -hsync +vsync (65.3 kHz d)
[    33.139] (II) modeset(0): Modeline "840x525"x119.8   59.50  840 864 880 920  525 526 529 540 doublescan +hsync -vsync (64.7 kHz d)
[    33.139] (II) modeset(0): Modeline "864x486"x59.9   32.50  864 888 968 1072  486 489 494 506 -hsync +vsync (30.3 kHz d)
[    33.139] (II) modeset(0): Modeline "864x486"x59.6   30.50  864 912 944 1024  486 489 494 500 +hsync -vsync (29.8 kHz d)
[    33.139] (II) modeset(0): Modeline "700x525"x120.0   61.00  700 744 820 940  525 526 532 541 doublescan +hsync +vsync (64.9 kHz d)
[    33.139] (II) modeset(0): Modeline "800x450"x119.9   59.12  800 848 928 1056  450 451 454 467 doublescan -hsync +vsync (56.0 kHz d)
[    33.139] (II) modeset(0): Modeline "800x450"x119.6   48.75  800 824 840 880  450 451 454 463 doublescan +hsync -vsync (55.4 kHz d)
[    33.139] (II) modeset(0): Modeline "640x512"x120.0   54.00  640 664 720 844  512 512 514 533 doublescan +hsync +vsync (64.0 kHz d)
[    33.139] (II) modeset(0): Modeline "700x450"x119.9   51.75  700 740 812 924  450 451 456 467 doublescan -hsync +vsync (56.0 kHz d)
[    33.139] (II) modeset(0): Modeline "700x450"x119.8   43.25  700 724 740 780  450 451 456 463 doublescan +hsync -vsync (55.4 kHz d)
[    33.139] (II) modeset(0): Modeline "640x480"x120.0   54.00  640 688 744 900  480 480 482 500 doublescan +hsync +vsync (60.0 kHz d)
[    33.139] (II) modeset(0): Modeline "640x480"x59.9   25.18  640 656 752 800  480 490 492 525 -hsync -vsync (31.5 kHz d)
[    33.139] (II) modeset(0): Modeline "720x405"x59.5   22.50  720 744 808 896  405 408 413 422 -hsync +vsync (25.1 kHz d)
[    33.139] (II) modeset(0): Modeline "720x405"x59.0   21.75  720 768 800 880  405 408 413 419 +hsync -vsync (24.7 kHz d)
[    33.139] (II) modeset(0): Modeline "684x384"x119.8   42.62  684 720 788 892  384 385 390 399 doublescan -hsync +vsync (47.8 kHz d)
[    33.139] (II) modeset(0): Modeline "684x384"x119.7   36.12  684 708 724 764  384 385 390 395 doublescan +hsync -vsync (47.3 kHz d)
[    33.139] (II) modeset(0): Modeline "640x400"x119.8   41.75  640 676 740 840  400 401 404 415 doublescan -hsync +vsync (49.7 kHz d)
[    33.139] (II) modeset(0): Modeline "640x400"x120.0   35.50  640 664 680 720  400 401 404 411 doublescan +hsync -vsync (49.3 kHz d)
[    33.139] (II) modeset(0): Modeline "640x360"x119.7   37.25  640 672 736 832  360 361 364 374 doublescan -hsync +vsync (44.8 kHz d)
[    33.139] (II) modeset(0): Modeline "640x360"x119.7   31.88  640 664 680 720  360 361 364 370 doublescan +hsync -vsync (44.3 kHz d)
[    33.139] (II) modeset(0): Modeline "640x360"x59.8   18.00  640 664 720 800  360 363 368 376 -hsync +vsync (22.5 kHz d)
[    33.139] (II) modeset(0): Modeline "640x360"x59.3   17.75  640 688 720 800  360 363 368 374 +hsync -vsync (22.2 kHz d)
[    33.139] (II) modeset(0): Modeline "512x384"x120.0   32.50  512 524 592 672  384 385 388 403 doublescan -hsync -vsync (48.4 kHz d)
[    33.139] (II) modeset(0): Modeline "512x288"x120.0   23.25  512 532 580 648  288 289 292 299 doublescan -hsync +vsync (35.9 kHz d)
[    33.139] (II) modeset(0): Modeline "512x288"x119.8   21.00  512 536 552 592  288 289 292 296 doublescan +hsync -vsync (35.5 kHz d)
[    33.139] (II) modeset(0): Modeline "480x270"x119.3   20.38  480 496 544 608  270 271 274 281 doublescan -hsync +vsync (33.5 kHz d)
[    33.139] (II) modeset(0): Modeline "480x270"x119.6   18.62  480 504 520 560  270 271 274 278 doublescan +hsync -vsync (33.3 kHz d)
[    33.139] (II) modeset(0): Modeline "400x300"x120.6   20.00  400 420 484 528  300 300 302 314 doublescan +hsync +vsync (37.9 kHz d)
[    33.139] (II) modeset(0): Modeline "400x300"x112.7   18.00  400 412 448 512  300 300 301 312 doublescan +hsync +vsync (35.2 kHz d)
[    33.139] (II) modeset(0): Modeline "432x243"x119.8   16.25  432 444 484 536  243 244 247 253 doublescan -hsync +vsync (30.3 kHz d)
[    33.139] (II) modeset(0): Modeline "432x243"x119.1   15.25  432 456 472 512  243 244 247 250 doublescan +hsync -vsync (29.8 kHz d)
[    33.139] (II) modeset(0): Modeline "320x240"x120.1   12.59  320 328 376 400  240 245 246 262 doublescan -hsync -vsync (31.5 kHz d)
[    33.139] (II) modeset(0): Modeline "360x202"x119.0   11.25  360 372 404 448  202 204 206 211 doublescan -hsync +vsync (25.1 kHz d)
[    33.139] (II) modeset(0): Modeline "360x202"x118.3   10.88  360 384 400 440  202 204 206 209 doublescan +hsync -vsync (24.7 kHz d)
[    33.139] (II) modeset(0): Modeline "320x180"x119.7    9.00  320 332 360 400  180 181 184 188 doublescan -hsync +vsync (22.5 kHz d)
[    33.139] (II) modeset(0): Modeline "320x180"x118.6    8.88  320 344 360 400  180 181 184 187 doublescan +hsync -vsync (22.2 kHz d)
[    33.141] (II) modeset(0): EDID for output VGA-1
[    33.322] (II) modeset(0): EDID for output HDMI-1
[    33.322] (II) modeset(0): EDID for output DP-1
[    33.323] (II) modeset(0): EDID for output HDMI-2
[    33.325] (II) modeset(0): EDID for output HDMI-3
[    33.325] (II) modeset(0): EDID for output DP-2
[    33.325] (II) modeset(0): EDID for output DP-3
[    33.325] (II) modeset(0): Output LVDS-1 connected
[    33.325] (II) modeset(0): Output VGA-1 disconnected
[    33.325] (II) modeset(0): Output HDMI-1 disconnected
[    33.325] (II) modeset(0): Output DP-1 disconnected
[    33.325] (II) modeset(0): Output HDMI-2 disconnected
[    33.325] (II) modeset(0): Output HDMI-3 disconnected
[    33.325] (II) modeset(0): Output DP-2 disconnected
[    33.325] (II) modeset(0): Output DP-3 disconnected
[    33.325] (II) modeset(0): Using exact sizes for initial modes
[    33.325] (II) modeset(0): Output LVDS-1 using initial mode 1366x768 +0+0
[    33.325] (==) modeset(0): Using gamma correction (1.0, 1.0, 1.0)
[    33.325] (==) modeset(0): DPI set to (96, 96)
[    33.325] (II) Loading sub module "fb"
[    33.325] (II) LoadModule: "fb"
[    33.325] (II) Module "fb" already built-in
[    33.394] (==) modeset(0): Backing store enabled
[    33.394] (==) modeset(0): Silken mouse enabled
[    33.414] (II) modeset(0): Initializing kms color map for depth 24, 8 bpc.
[    33.414] (==) modeset(0): DPMS enabled
[    33.414] (II) modeset(0): [DRI2] Setup complete
[    33.414] (II) modeset(0): [DRI2]   DRI driver: crocus
[    33.414] (II) modeset(0): [DRI2]   VDPAU driver: va_gl
[    33.414] (II) Initializing extension Generic Event Extension
[    33.414] (II) Initializing extension SHAPE
[    33.414] (II) Initializing extension MIT-SHM
[    33.414] (II) Initializing extension XInputExtension
[    33.415] (II) Initializing extension XTEST
[    33.415] (II) Initializing extension BIG-REQUESTS
[    33.415] (II) Initializing extension SYNC
[    33.415] (II) Initializing extension XKEYBOARD
[    33.415] (II) Initializing extension XC-MISC
[    33.415] (II) Initializing extension SECURITY
[    33.415] (II) Initializing extension XFIXES
[    33.415] (II) Initializing extension RENDER
[    33.415] (II) Initializing extension RANDR
[    33.416] (II) Initializing extension COMPOSITE
[    33.416] (II) Initializing extension DAMAGE
[    33.416] (II) Initializing extension MIT-SCREEN-SAVER
[    33.416] (II) Initializing extension DOUBLE-BUFFER
[    33.416] (II) Initializing extension RECORD
[    33.416] (II) Initializing extension DPMS
[    33.416] (II) Initializing extension Present
[    33.416] (II) Initializing extension DRI3
[    33.416] (II) Initializing extension X-Resource
[    33.416] (II) Initializing extension XVideo
[    33.416] (II) Initializing extension XVideo-MotionCompensation
[    33.416] (II) Initializing extension GLX
[    33.421] (II) AIGLX: Loaded and initialized crocus
[    33.421] (II) GLX: Initialized DRI2 GL provider for screen 0
[    33.421] (II) Initializing extension XFree86-VidModeExtension
[    33.421] (II) Initializing extension XFree86-DGA
[    33.421] (II) Initializing extension XFree86-DRI
[    33.421] (II) Initializing extension DRI2
[    33.422] (II) modeset(0): Damage tracking initialized
[    33.422] (II) modeset(0): Setting screen physical size to 361 x 203
[    33.530] (II) config/udev: Adding input device Power Button (/dev/input/event2)
[    33.530] (**) Power Button: Applying InputClass "libinput keyboard catchall"
[    33.530] (**) Power Button: Applying InputClass "system-keyboard"
[    33.530] (II) LoadModule: "libinput"
[    33.530] (II) Loading /usr/lib/xorg/modules/input/libinput_drv.so
[    33.539] (II) Module libinput: vendor="X.Org Foundation"
[    33.539] 	compiled for 1.21.1.3, module version = 1.2.1
[    33.539] 	Module class: X.Org XInput Driver
[    33.539] 	ABI class: X.Org XInput driver, version 24.4
[    33.539] (II) Using input driver 'libinput' for 'Power Button'
[    33.540] (II) systemd-logind: got fd for /dev/input/event2 13:66 fd 27 paused 0
[    33.540] (**) Power Button: always reports core events
[    33.540] (**) Option "Device" "/dev/input/event2"
[    33.566] (II) event2  - Power Button: is tagged by udev as: Keyboard
[    33.566] (II) event2  - Power Button: device is a keyboard
[    33.566] (II) event2  - Power Button: device removed
[    33.566] (**) Option "config_info" "udev:/sys/devices/LNXSYSTM:00/LNXPWRBN:00/input/input2/event2"
[    33.566] (II) XINPUT: Adding extended input device "Power Button" (type: KEYBOARD, id 6)
[    33.566] (**) Option "xkb_layout" "es"
[    33.588] (II) event2  - Power Button: is tagged by udev as: Keyboard
[    33.588] (II) event2  - Power Button: device is a keyboard
[    33.589] (II) config/udev: Adding input device Video Bus (/dev/input/event6)
[    33.589] (**) Video Bus: Applying InputClass "libinput keyboard catchall"
[    33.589] (**) Video Bus: Applying InputClass "system-keyboard"
[    33.589] (II) Using input driver 'libinput' for 'Video Bus'
[    33.590] (II) systemd-logind: got fd for /dev/input/event6 13:70 fd 30 paused 0
[    33.590] (**) Video Bus: always reports core events
[    33.590] (**) Option "Device" "/dev/input/event6"
[    33.591] (II) event6  - Video Bus: is tagged by udev as: Keyboard
[    33.591] (II) event6  - Video Bus: device is a keyboard
[    33.591] (II) event6  - Video Bus: device removed
[    33.591] (**) Option "config_info" "udev:/sys/devices/LNXSYSTM:00/LNXSYBUS:00/PNP0A08:00/LNXVIDEO:00/input/input8/event6"
[    33.591] (II) XINPUT: Adding extended input device "Video Bus" (type: KEYBOARD, id 7)
[    33.591] (**) Option "xkb_layout" "es"
[    33.592] (II) event6  - Video Bus: is tagged by udev as: Keyboard
[    33.592] (II) event6  - Video Bus: device is a keyboard
[    33.592] (II) config/udev: Adding input device Lid Switch (/dev/input/event0)
[    33.592] (II) No input driver specified, ignoring this device.
[    33.592] (II) This device may have been added with another device file.
[    33.593] (II) config/udev: Adding input device Sleep Button (/dev/input/event1)
[    33.593] (**) Sleep Button: Applying InputClass "libinput keyboard catchall"
[    33.593] (**) Sleep Button: Applying InputClass "system-keyboard"
[    33.593] (II) Using input driver 'libinput' for 'Sleep Button'
[    33.595] (II) systemd-logind: got fd for /dev/input/event1 13:65 fd 31 paused 0
[    33.595] (**) Sleep Button: always reports core events
[    33.595] (**) Option "Device" "/dev/input/event1"
[    33.597] (II) event1  - Sleep Button: is tagged by udev as: Keyboard
[    33.598] (II) event1  - Sleep Button: device is a keyboard
[    33.598] (II) event1  - Sleep Button: device removed
[    33.598] (**) Option "config_info" "udev:/sys/devices/LNXSYSTM:00/LNXSYBUS:00/PNP0C0E:00/input/input1/event1"
[    33.598] (II) XINPUT: Adding extended input device "Sleep Button" (type: KEYBOARD, id 8)
[    33.598] (**) Option "xkb_layout" "es"
[    33.600] (II) event1  - Sleep Button: is tagged by udev as: Keyboard
[    33.600] (II) event1  - Sleep Button: device is a keyboard
[    33.603] (II) config/udev: Adding input device Integrated Camera: Integrated C (/dev/input/event15)
[    33.603] (**) Integrated Camera: Integrated C: Applying InputClass "libinput keyboard catchall"
[    33.603] (**) Integrated Camera: Integrated C: Applying InputClass "system-keyboard"
[    33.603] (II) Using input driver 'libinput' for 'Integrated Camera: Integrated C'
[    33.605] (II) systemd-logind: got fd for /dev/input/event15 13:79 fd 32 paused 0
[    33.605] (**) Integrated Camera: Integrated C: always reports core events
[    33.605] (**) Option "Device" "/dev/input/event15"
[    33.607] (II) event15 - Integrated Camera: Integrated C: is tagged by udev as: Keyboard
[    33.607] (II) event15 - Integrated Camera: Integrated C: device is a keyboard
[    33.607] (II) event15 - Integrated Camera: Integrated C: device removed
[    33.607] (**) Option "config_info" "udev:/sys/devices/pci0000:00/0000:00:1a.0/usb1/1-1/1-1.6/1-1.6:1.0/input/input17/event15"
[    33.607] (II) XINPUT: Adding extended input device "Integrated Camera: Integrated C" (type: KEYBOARD, id 9)
[    33.607] (**) Option "xkb_layout" "es"
[    33.610] (II) event15 - Integrated Camera: Integrated C: is tagged by udev as: Keyboard
[    33.610] (II) event15 - Integrated Camera: Integrated C: device is a keyboard
[    33.611] (II) config/udev: Adding input device HDA Intel PCH Mic (/dev/input/event8)
[    33.611] (II) No input driver specified, ignoring this device.
[    33.611] (II) This device may have been added with another device file.
[    33.611] (II) config/udev: Adding input device HDA Intel PCH Dock Mic (/dev/input/event9)
[    33.611] (II) No input driver specified, ignoring this device.
[    33.612] (II) This device may have been added with another device file.
[    33.612] (II) config/udev: Adding input device HDA Intel PCH Dock Headphone (/dev/input/event10)
[    33.612] (II) No input driver specified, ignoring this device.
[    33.612] (II) This device may have been added with another device file.
[    33.613] (II) config/udev: Adding input device HDA Intel PCH Headphone (/dev/input/event11)
[    33.613] (II) No input driver specified, ignoring this device.
[    33.613] (II) This device may have been added with another device file.
[    33.613] (II) config/udev: Adding input device HDA Intel PCH HDMI/DP,pcm=3 (/dev/input/event12)
[    33.613] (II) No input driver specified, ignoring this device.
[    33.613] (II) This device may have been added with another device file.
[    33.614] (II) config/udev: Adding input device HDA Intel PCH HDMI/DP,pcm=7 (/dev/input/event13)
[    33.614] (II) No input driver specified, ignoring this device.
[    33.614] (II) This device may have been added with another device file.
[    33.615] (II) config/udev: Adding input device HDA Intel PCH HDMI/DP,pcm=8 (/dev/input/event14)
[    33.615] (II) No input driver specified, ignoring this device.
[    33.615] (II) This device may have been added with another device file.
[    33.615] (II) config/udev: Adding input device AT Translated Set 2 keyboard (/dev/input/event3)
[    33.615] (**) AT Translated Set 2 keyboard: Applying InputClass "libinput keyboard catchall"
[    33.615] (**) AT Translated Set 2 keyboard: Applying InputClass "system-keyboard"
[    33.615] (II) Using input driver 'libinput' for 'AT Translated Set 2 keyboard'
[    33.616] (II) systemd-logind: got fd for /dev/input/event3 13:67 fd 33 paused 0
[    33.616] (**) AT Translated Set 2 keyboard: always reports core events
[    33.616] (**) Option "Device" "/dev/input/event3"
[    33.618] (II) event3  - AT Translated Set 2 keyboard: is tagged by udev as: Keyboard
[    33.618] (II) event3  - AT Translated Set 2 keyboard: device is a keyboard
[    33.619] (II) event3  - AT Translated Set 2 keyboard: device removed
[    33.619] (**) Option "config_info" "udev:/sys/devices/platform/i8042/serio0/input/input3/event3"
[    33.619] (II) XINPUT: Adding extended input device "AT Translated Set 2 keyboard" (type: KEYBOARD, id 10)
[    33.619] (**) Option "xkb_layout" "es"
[    33.620] (II) event3  - AT Translated Set 2 keyboard: is tagged by udev as: Keyboard
[    33.620] (II) event3  - AT Translated Set 2 keyboard: device is a keyboard
[    33.622] (II) config/udev: Adding input device SynPS/2 Synaptics TouchPad (/dev/input/event7)
[    33.622] (**) SynPS/2 Synaptics TouchPad: Applying InputClass "libinput touchpad catchall"
[    33.622] (**) SynPS/2 Synaptics TouchPad: Applying InputClass "touchpad catchall"
[    33.622] (**) SynPS/2 Synaptics TouchPad: Applying InputClass "Default clickpad buttons"
[    33.622] (II) LoadModule: "synaptics"
[    33.622] (II) Loading /usr/lib/xorg/modules/input/synaptics_drv.so
[    33.624] (II) Module synaptics: vendor="X.Org Foundation"
[    33.624] 	compiled for 1.21.1.1, module version = 1.9.1
[    33.624] 	Module class: X.Org XInput Driver
[    33.624] 	ABI class: X.Org XInput driver, version 24.4
[    33.624] (II) Using input driver 'synaptics' for 'SynPS/2 Synaptics TouchPad'
[    33.625] (II) systemd-logind: got fd for /dev/input/event7 13:71 fd 34 paused 0
[    33.625] (**) SynPS/2 Synaptics TouchPad: always reports core events
[    33.625] (**) Option "Device" "/dev/input/event7"
[    33.625] (II) synaptics: SynPS/2 Synaptics TouchPad: found clickpad property
[    33.625] (--) synaptics: SynPS/2 Synaptics TouchPad: x-axis range 1316 - 5627 (res 58)
[    33.625] (--) synaptics: SynPS/2 Synaptics TouchPad: y-axis range 1355 - 4826 (res 81)
[    33.625] (--) synaptics: SynPS/2 Synaptics TouchPad: pressure range 0 - 255
[    33.625] (--) synaptics: SynPS/2 Synaptics TouchPad: finger width range 0 - 15
[    33.625] (--) synaptics: SynPS/2 Synaptics TouchPad: buttons: left double triple
[    33.625] (--) synaptics: SynPS/2 Synaptics TouchPad: Vendor 0x2 Product 0x7
[    33.625] (**) Option "SoftButtonAreas" "50% 0 82% 0 0 0 0 0"
[    33.625] (--) synaptics: SynPS/2 Synaptics TouchPad: touchpad found
[    33.625] (**) SynPS/2 Synaptics TouchPad: always reports core events
[    33.625] (**) Option "config_info" "udev:/sys/devices/platform/i8042/serio1/input/input5/event7"
[    33.625] (II) XINPUT: Adding extended input device "SynPS/2 Synaptics TouchPad" (type: TOUCHPAD, id 11)
[    33.625] (**) synaptics: SynPS/2 Synaptics TouchPad: (accel) MinSpeed is now constant deceleration 2.5
[    33.625] (**) synaptics: SynPS/2 Synaptics TouchPad: (accel) MaxSpeed is now 1.75
[    33.625] (**) synaptics: SynPS/2 Synaptics TouchPad: (accel) AccelFactor is now 0.036
[    33.625] (**) SynPS/2 Synaptics TouchPad: (accel) keeping acceleration scheme 1
[    33.625] (**) SynPS/2 Synaptics TouchPad: (accel) acceleration profile 1
[    33.625] (**) SynPS/2 Synaptics TouchPad: (accel) acceleration factor: 2.000
[    33.625] (**) SynPS/2 Synaptics TouchPad: (accel) acceleration threshold: 4
[    33.625] (--) synaptics: SynPS/2 Synaptics TouchPad: touchpad found
[    33.626] (II) config/udev: Adding input device SynPS/2 Synaptics TouchPad (/dev/input/mouse0)
[    33.626] (**) SynPS/2 Synaptics TouchPad: Ignoring device from InputClass "touchpad ignore duplicates"
[    33.627] (II) config/udev: Adding input device TPPS/2 IBM TrackPoint (/dev/input/event16)
[    33.627] (**) TPPS/2 IBM TrackPoint: Applying InputClass "libinput pointer catchall"
[    33.627] (II) Using input driver 'libinput' for 'TPPS/2 IBM TrackPoint'
[    33.628] (II) systemd-logind: got fd for /dev/input/event16 13:80 fd 35 paused 0
[    33.628] (**) TPPS/2 IBM TrackPoint: always reports core events
[    33.628] (**) Option "Device" "/dev/input/event16"
[    33.629] (II) event16 - TPPS/2 IBM TrackPoint: is tagged by udev as: Mouse Pointingstick
[    33.630] (II) event16 - TPPS/2 IBM TrackPoint: device is a pointer
[    33.631] (II) event16 - TPPS/2 IBM TrackPoint: device removed
[    33.631] (**) Option "config_info" "udev:/sys/devices/platform/i8042/serio1/serio2/input/input9/event16"
[    33.631] (II) XINPUT: Adding extended input device "TPPS/2 IBM TrackPoint" (type: MOUSE, id 12)
[    33.631] (**) Option "AccelerationScheme" "none"
[    33.631] (**) TPPS/2 IBM TrackPoint: (accel) selected scheme none/0
[    33.631] (**) TPPS/2 IBM TrackPoint: (accel) acceleration factor: 2.000
[    33.631] (**) TPPS/2 IBM TrackPoint: (accel) acceleration threshold: 4
[    33.632] (II) event16 - TPPS/2 IBM TrackPoint: is tagged by udev as: Mouse Pointingstick
[    33.633] (II) event16 - TPPS/2 IBM TrackPoint: device is a pointer
[    33.635] (II) config/udev: Adding input device TPPS/2 IBM TrackPoint (/dev/input/mouse1)
[    33.635] (II) No input driver specified, ignoring this device.
[    33.635] (II) This device may have been added with another device file.
[    33.635] (II) config/udev: Adding input device PC Speaker (/dev/input/event4)
[    33.635] (II) No input driver specified, ignoring this device.
[    33.635] (II) This device may have been added with another device file.
[    33.638] (II) config/udev: Adding input device ThinkPad Extra Buttons (/dev/input/event5)
[    33.638] (**) ThinkPad Extra Buttons: Applying InputClass "libinput keyboard catchall"
[    33.639] (**) ThinkPad Extra Buttons: Applying InputClass "system-keyboard"
[    33.639] (II) Using input driver 'libinput' for 'ThinkPad Extra Buttons'
[    33.640] (II) systemd-logind: got fd for /dev/input/event5 13:69 fd 36 paused 0
[    33.640] (**) ThinkPad Extra Buttons: always reports core events
[    33.640] (**) Option "Device" "/dev/input/event5"
[    33.641] (II) event5  - ThinkPad Extra Buttons: is tagged by udev as: Keyboard Switch
[    33.641] (II) event5  - ThinkPad Extra Buttons: device is a keyboard
[    33.641] (II) event5  - ThinkPad Extra Buttons: device is a switch device
[    33.641] (II) event5  - ThinkPad Extra Buttons: device removed
[    33.641] (**) Option "config_info" "udev:/sys/devices/platform/thinkpad_acpi/input/input7/event5"
[    33.641] (II) XINPUT: Adding extended input device "ThinkPad Extra Buttons" (type: KEYBOARD, id 13)
[    33.641] (**) Option "xkb_layout" "es"
[    33.642] (II) event5  - ThinkPad Extra Buttons: is tagged by udev as: Keyboard Switch
[    33.642] (II) event5  - ThinkPad Extra Buttons: device is a keyboard
[    33.642] (II) event5  - ThinkPad Extra Buttons: device is a switch device
[  1889.359] (II) config/udev: Adding input device HID 256c:006e Pad (/dev/input/js0)
[  1889.359] (II) No input driver specified, ignoring this device.
[  1889.359] (II) This device may have been added with another device file.
[  1889.362] (II) config/udev: Adding input device HID 256c:006e Pen (/dev/input/mouse3)
[  1889.362] (II) No input driver specified, ignoring this device.
[  1889.362] (II) This device may have been added with another device file.
[  1889.459] (II) config/udev: Adding input device HID 256c:006e Pen (/dev/input/event18)
[  1889.459] (**) HID 256c:006e Pen: Applying InputClass "libinput tablet catchall"
[  1889.459] (**) HID 256c:006e Pen: Applying InputClass "Huion tablets with Wacom driver"
[  1889.459] (II) LoadModule: "wacom"
[  1889.459] (II) Loading /usr/lib/xorg/modules/input/wacom_drv.so
[  1889.461] (II) Module wacom: vendor="X.Org Foundation"
[  1889.461] 	compiled for 1.21.1.4, module version = 1.1.0
[  1889.461] 	Module class: X.Org XInput Driver
[  1889.461] 	ABI class: X.Org XInput driver, version 24.4
[  1889.461] (II) Build version: 1.1.0
[  1889.461] (II) wacom: Driver for Wacom graphics tablets: PenPartner, Graphire,
	Graphire2 4x5, Graphire2 5x7, Graphire3 4x5, Graphire3 6x8,
	Graphire4 4x5, Graphire4 6x8, BambooFun 4x5, BambooFun 6x8,
	Bamboo1 Medium, Graphire4 6x8 BlueTooth, CTL-460, CTH-461, CTL-660,
	CTL-461/S, Bamboo Touch, CTH-460/K, CTH-461/S, CTH-661/S1, CTH-461/L,
	CTH-661/L, Intuos 4x5, Intuos 6x8, Intuos 9x12, Intuos 12x12,
	Intuos 12x18, PTU600, PL400, PL500, PL600, PL600SX, PL550, PL800,
	PL700, PL510, PL710, DTI520, DTF720, DTF720a, DTF521, DTU1931,
	DTU2231, DTU1631, DTH1152, DTH1152, DTK2451, DTH2452, DTH2452,
	Wacom One Pen Display 13, Intuos2 4x5, Intuos2 6x8, Intuos2 9x12,
	Intuos2 12x12, Intuos2 12x18, Intuos2 6x8 , Volito, PenStation,
	Volito2 4x5, Volito2 2x3, PenPartner2, Bamboo, Bamboo1, Bamboo1 4x6,
	Bamboo1 5x8, Intuos3 4x5, Intuos3 6x8, Intuos3 9x12, Intuos3 12x12,
	Intuos3 12x19, Intuos3 6x11, Intuos3 4x6, Intuos4 4x6, Intuos4 6x9,
	Intuos4 8x13, Intuos4 12x19, Intuos4 WL USB Endpoint,
	Intuos4 WL Bluetooth Endpoint, Intuos5 touch S, Intuos5 touch M,
	Intuos5 touch L, Intuos5 S, Intuos5 M, Intuos Pro S, Intuos Pro M,
	Intuos Pro L, Cintiq 21UX, Cintiq 20WSX, Cintiq 12WX, Cintiq 21UX2,
	Cintiq 24HD, Cintiq 22HD, Cintiq 24HD touch (EMR digitizer),
	Cintiq 13HD, DTK2241, DTH2242, Cintiq 22HDT, Cintiq 27QHDT,
	Cintiq 27QHDT, Mobilestudio Pro 13, MobileStudio Pro 16,
	MobileStudio Pro 13, MobileStudio Pro 16, Cintiq 13 FHD Pro,
	Cintiq 16 UHD Pro, Cintiq Pro 24, Cintiq Pro 32, Cintiq 13 FHD Pro,
	Cintiq 16 UHD Pro, Cintiq Pro 24, Cintiq Pro 32, Cintiq Pro 24,
	Mobilestudio Pro 13, MobileStudio Pro 16, MobileStudio Pro 13,
	MobileStudio Pro 16, MobileStudio Pro 16, MobileStudio Pro 16,
	TabletPC 0x90, TabletPC 0x93, TabletPC 0x97, TabletPC 0x9A,
	CapPlus  0x9F, TabletPC 0xE2, TabletPC 0xE3, TabletPC 0xE5,
	TabletPC 0xE6, TabletPC 0xEC, TabletPC 0xED, TabletPC 0xEF,
	TabletPC 0x100, TabletPC 0x101, TabletPC 0x10D, TabletPC 0x116,
	TabletPC 0x12C, TabletPC 0x4001, TabletPC 0x4004, TabletPC 0x5000,
	TabletPC 0x5002, usb:172f:0024, usb:172f:0025, usb:172f:0026,
	usb:172f:0027, usb:172f:0028, usb:172f:0030, usb:172f:0031,
	usb:172f:0032, usb:172f:0033, usb:172f:0034, usb:172f:0035,
	usb:172f:0036, usb:172f:0037, usb:172f:0038, usb:172f:0039,
	usb:172f:0051, usb:172f:0052, usb:172f:0053, usb:172f:0054,
	usb:172f:0055, usb:172f:0056, usb:172f:0057, usb:172f:0058,
	usb:172f:0500, usb:172f:0501, usb:172f:0502, usb:172f:0503,
	usb:1b96:0001, usb:17ef:6004
[  1889.463] (II) Using input driver 'wacom' for 'HID 256c:006e Pen'
[  1889.519] (II) systemd-logind: got fd for /dev/input/event18 13:82 fd 43 paused 0
[  1889.519] (**) HID 256c:006e Pen: always reports core events
[  1889.519] (**) Option "Device" "/dev/input/event18"
[  1889.519] (II) wacom: HID 256c:006e Pen: type not specified, assuming 'stylus'.
[  1889.519] (II) wacom: HID 256c:006e Pen: other types will be automatically added.
[  1889.519] (--) wacom: HID 256c:006e Pen stylus: using pressure threshold of 851 for button 1
[  1889.519] (**) wacom: HID 256c:006e Pen stylus: panscroll is 0
[  1889.519] (**) wacom: HID 256c:006e Pen stylus: panscroll modified to 2600
[  1889.519] (--) wacom: HID 256c:006e Pen stylus: maxX=50800 maxY=31750 maxZ=8191 resX=200000 resY=200000  tilt=enabled
[  1889.519] (II) wacom: HID 256c:006e Pen stylus: hotplugging dependent devices.
[  1889.519] (II) wacom: HID 256c:006e Pen stylus: hotplugging completed.
[  1889.519] (**) Option "config_info" "udev:/sys/devices/pci0000:00/0000:00:1d.0/usb2/2-1/2-1.2/2-1.2.1/2-1.2.1:1.0/0003:256C:006E.0001/input/input19/event18"
[  1889.519] (II) XINPUT: Adding extended input device "HID 256c:006e Pen stylus" (type: STYLUS, id 14)
[  1889.520] (**) HID 256c:006e Pen stylus: (accel) keeping acceleration scheme 1
[  1889.520] (**) HID 256c:006e Pen stylus: (accel) acceleration profile 0
[  1889.520] (**) HID 256c:006e Pen stylus: (accel) acceleration factor: 2.000
[  1889.520] (**) HID 256c:006e Pen stylus: (accel) acceleration threshold: 4
[  1889.523] (II) config/udev: Adding input device HID 256c:006e Pad (/dev/input/event19)
[  1889.523] (**) HID 256c:006e Pad: Applying InputClass "libinput tablet catchall"
[  1889.523] (**) HID 256c:006e Pad: Applying InputClass "Huion tablets with Wacom driver"
[  1889.523] (II) Using input driver 'wacom' for 'HID 256c:006e Pad'
[  1889.524] (II) systemd-logind: got fd for /dev/input/event19 13:83 fd 44 paused 0
[  1889.524] (**) HID 256c:006e Pad: always reports core events
[  1889.524] (**) Option "Device" "/dev/input/event19"
[  1889.524] (II) wacom: HID 256c:006e Pad: type not specified, assuming 'pad'.
[  1889.525] (II) wacom: HID 256c:006e Pad: other types will be automatically added.
[  1889.525] (**) wacom: HID 256c:006e Pad pad: panscroll is 0
[  1889.525] (**) wacom: HID 256c:006e Pad pad: panscroll modified to 1000
[  1889.525] (II) wacom: HID 256c:006e Pad pad: hotplugging dependent devices.
[  1889.525] (II) wacom: HID 256c:006e Pad pad: hotplugging completed.
[  1889.525] (**) Option "config_info" "udev:/sys/devices/pci0000:00/0000:00:1d.0/usb2/2-1/2-1.2/2-1.2.1/2-1.2.1:1.0/0003:256C:006E.0001/input/input20/event19"
[  1889.525] (II) XINPUT: Adding extended input device "HID 256c:006e Pad pad" (type: PAD, id 15)
[  1889.526] (**) HID 256c:006e Pad pad: (accel) keeping acceleration scheme 1
[  1889.526] (**) HID 256c:006e Pad pad: (accel) acceleration profile 0
[  1889.526] (**) HID 256c:006e Pad pad: (accel) acceleration factor: 2.000
[  1889.526] (**) HID 256c:006e Pad pad: (accel) acceleration threshold: 4
[  6577.880] (EE) HID 256c:006e Pen stylus: Error reading wacom device : No such device
[  6577.885] (II) config/udev: removing device HID 256c:006e Pen stylus
[  6577.886] (II) UnloadModule: "wacom"
[  6577.886] (II) systemd-logind: releasing fd for 13:82
[  6577.931] (EE) HID 256c:006e Pad pad: Error reading wacom device : No such device
[  6577.935] (II) config/udev: removing device HID 256c:006e Pad pad
[  6577.936] (II) UnloadModule: "wacom"
[  6577.936] (II) systemd-logind: releasing fd for 13:83
