--------------------------------------------------------------------------------
[29 jun 2022, 6:23:09,8 p. m.:ERROR:refill_unblinded_tokens.cc(190)] Failed to get signed tokens
--------------------------------------------------------------------------------
[29 jun 2022, 6:25:07,1 p. m.:ERROR:publisher.cc(774)] Publisher info not found
[29 jun 2022, 6:26:32,8 p. m.:ERROR:publisher.cc(774)] Publisher info not found
[29 jun 2022, 6:29:17,8 p. m.:ERROR:publisher.cc(774)] Publisher info not found
--------------------------------------------------------------------------------
[29 jun 2022, 9:28:22,5 p. m.:ERROR:publisher.cc(774)] Publisher info not found
[29 jun 2022, 9:28:22,5 p. m.:ERROR:publisher.cc(774)] Publisher info not found
[29 jun 2022, 9:28:33,2 p. m.:ERROR:publisher.cc(774)] Publisher info not found
[29 jun 2022, 9:28:33,2 p. m.:ERROR:publisher.cc(774)] Publisher info not found
[29 jun 2022, 9:31:28,6 p. m.:ERROR:publisher.cc(774)] Publisher info not found
[29 jun 2022, 9:31:28,6 p. m.:ERROR:publisher.cc(774)] Publisher info not found
--------------------------------------------------------------------------------
[30 jun 2022, 8:44:27,3 a. m.:ERROR:publisher.cc(774)] Publisher info not found
[30 jun 2022, 8:44:27,3 a. m.:ERROR:publisher.cc(774)] Publisher info not found
[30 jun 2022, 8:45:25,7 a. m.:ERROR:publisher.cc(774)] Publisher info not found
[30 jun 2022, 9:06:02,0 a. m.:ERROR:publisher.cc(774)] Publisher info not found
[30 jun 2022, 9:15:32,1 a. m.:ERROR:publisher.cc(774)] Publisher info not found
[30 jun 2022, 9:15:32,1 a. m.:ERROR:publisher.cc(774)] Publisher info not found
[30 jun 2022, 9:18:44,7 a. m.:ERROR:publisher.cc(774)] Publisher info not found
[30 jun 2022, 9:20:27,4 a. m.:ERROR:publisher.cc(774)] Publisher info not found
[30 jun 2022, 9:20:27,4 a. m.:ERROR:publisher.cc(774)] Publisher info not found
[30 jun 2022, 9:26:30,9 a. m.:ERROR:refill_unblinded_tokens.cc(190)] Failed to get signed tokens
[30 jun 2022, 9:26:46,8 a. m.:ERROR:publisher.cc(845)] Failed to retrieve publisher info while updating media duration
[30 jun 2022, 9:26:46,9 a. m.:ERROR:publisher.cc(845)] Failed to retrieve publisher info while updating media duration
[30 jun 2022, 9:26:47,6 a. m.:ERROR:publisher.cc(774)] Publisher info not found
[30 jun 2022, 9:47:05,9 a. m.:ERROR:publisher.cc(774)] Publisher info not found
[30 jun 2022, 9:47:05,9 a. m.:ERROR:publisher.cc(774)] Publisher info not found
[30 jun 2022, 9:49:08,6 a. m.:ERROR:publisher.cc(774)] Publisher info not found
[30 jun 2022, 9:49:08,6 a. m.:ERROR:publisher.cc(774)] Publisher info not found
[30 jun 2022, 10:17:31,4 a. m.:ERROR:publisher.cc(774)] Publisher info not found
[30 jun 2022, 10:58:05,4 a. m.:ERROR:publisher.cc(774)] Publisher info not found
[30 jun 2022, 10:58:05,4 a. m.:ERROR:publisher.cc(774)] Publisher info not found
[30 jun 2022, 11:21:58,8 a. m.:ERROR:publisher.cc(774)] Publisher info not found
[30 jun 2022, 11:22:10,8 a. m.:ERROR:publisher.cc(774)] Publisher info not found
--------------------------------------------------------------------------------
[01 jul 2022, 2:10:48,9 p. m.:ERROR:logging_util.cc(105)] Network error (net::ERR_INTERNET_DISCONNECTED)
[01 jul 2022, 2:10:48,9 p. m.:ERROR:get_available.cc(69)] Unexpected HTTP status: -1
--------------------------------------------------------------------------------
[01 jul 2022, 2:59:59,1 p. m.:ERROR:publisher.cc(774)] Publisher info not found
[01 jul 2022, 3:06:09,4 p. m.:ERROR:publisher.cc(774)] Publisher info not found
[01 jul 2022, 3:06:09,4 p. m.:ERROR:publisher.cc(774)] Publisher info not found
[01 jul 2022, 3:07:56,3 p. m.:ERROR:publisher.cc(774)] Publisher info not found
[01 jul 2022, 3:07:56,3 p. m.:ERROR:publisher.cc(774)] Publisher info not found
--------------------------------------------------------------------------------
[01 jul 2022, 5:07:17,3 p. m.:ERROR:publisher.cc(774)] Publisher info not found
--------------------------------------------------------------------------------
[01 jul 2022, 10:11:11,7 p. m.:ERROR:logging_util.cc(105)] Network error (net::ERR_INTERNET_DISCONNECTED)
[01 jul 2022, 10:11:11,7 p. m.:ERROR:get_parameters.cc(53)] Unexpected HTTP status: -1
[01 jul 2022, 10:11:14,6 p. m.:ERROR:account.cc(271)] Failed to get issuers
[01 jul 2022, 10:11:19,7 p. m.:ERROR:logging_util.cc(105)] Network error (net::ERR_INTERNET_DISCONNECTED)
[01 jul 2022, 10:11:19,7 p. m.:ERROR:get_available.cc(69)] Unexpected HTTP status: -1
[01 jul 2022, 10:11:28,8 p. m.:ERROR:logging_util.cc(105)] Network error (net::ERR_INTERNET_DISCONNECTED)
[01 jul 2022, 10:11:28,8 p. m.:ERROR:get_parameters.cc(53)] Unexpected HTTP status: -1
[01 jul 2022, 10:14:17,6 p. m.:ERROR:publisher.cc(774)] Publisher info not found
[01 jul 2022, 10:45:33,1 p. m.:ERROR:publisher.cc(774)] Publisher info not found
[01 jul 2022, 10:45:33,1 p. m.:ERROR:publisher.cc(774)] Publisher info not found
[01 jul 2022, 10:49:24,7 p. m.:ERROR:publisher.cc(774)] Publisher info not found
--------------------------------------------------------------------------------
[01 jul 2022, 11:40:39,4 p. m.:ERROR:publisher.cc(774)] Publisher info not found
[01 jul 2022, 11:40:39,4 p. m.:ERROR:publisher.cc(774)] Publisher info not found
--------------------------------------------------------------------------------
[02 jul 2022, 9:35:19,7 a. m.:ERROR:publisher.cc(774)] Publisher info not found
--------------------------------------------------------------------------------
[02 jul 2022, 2:34:36,7 p. m.:ERROR:logging_util.cc(105)] Network error (net::ERR_INTERNET_DISCONNECTED)
[02 jul 2022, 2:34:36,7 p. m.:ERROR:get_parameters.cc(53)] Unexpected HTTP status: -1
[02 jul 2022, 2:34:37,5 p. m.:ERROR:logging_util.cc(105)] Network error (net::ERR_INTERNET_DISCONNECTED)
[02 jul 2022, 2:34:37,5 p. m.:ERROR:get_available.cc(69)] Unexpected HTTP status: -1
[02 jul 2022, 2:34:38,7 p. m.:ERROR:account.cc(271)] Failed to get issuers
--------------------------------------------------------------------------------
[02 jul 2022, 5:24:59,8 p. m.:ERROR:logging_util.cc(105)] Network error (net::ERR_INTERNET_DISCONNECTED)
[02 jul 2022, 5:24:59,9 p. m.:ERROR:get_parameters.cc(53)] Unexpected HTTP status: -1
[02 jul 2022, 5:25:00,6 p. m.:ERROR:logging_util.cc(105)] Network error (net::ERR_INTERNET_DISCONNECTED)
[02 jul 2022, 5:25:00,6 p. m.:ERROR:get_available.cc(69)] Unexpected HTTP status: -1
[02 jul 2022, 5:25:01,8 p. m.:ERROR:account.cc(271)] Failed to get issuers
[02 jul 2022, 5:25:22,8 p. m.:ERROR:account.cc(271)] Failed to get issuers
--------------------------------------------------------------------------------
[02 jul 2022, 9:32:20,0 p. m.:ERROR:publisher.cc(774)] Publisher info not found
[02 jul 2022, 9:54:10,5 p. m.:ERROR:publisher.cc(774)] Publisher info not found
[02 jul 2022, 9:54:10,5 p. m.:ERROR:publisher.cc(774)] Publisher info not found
--------------------------------------------------------------------------------
[02 jul 2022, 9:56:50,5 p. m.:ERROR:publisher.cc(774)] Publisher info not found
--------------------------------------------------------------------------------
[03 jul 2022, 9:44:27,7 a. m.:ERROR:publisher.cc(774)] Publisher info not found
--------------------------------------------------------------------------------
[03 jul 2022, 10:11:23,1 a. m.:ERROR:logging_util.cc(105)] Network error (net::ERR_NAME_NOT_RESOLVED)
[03 jul 2022, 10:11:23,1 a. m.:ERROR:get_parameters.cc(53)] Unexpected HTTP status: -1
[03 jul 2022, 10:11:25,9 a. m.:ERROR:account.cc(271)] Failed to get issuers
--------------------------------------------------------------------------------
[03 jul 2022, 10:22:31,5 a. m.:ERROR:logging_util.cc(105)] Network error (net::ERR_INTERNET_DISCONNECTED)
[03 jul 2022, 10:22:31,5 a. m.:ERROR:get_available.cc(69)] Unexpected HTTP status: -1
--------------------------------------------------------------------------------
[03 jul 2022, 3:07:20,2 p. m.:ERROR:logging_util.cc(105)] Network error (net::ERR_INTERNET_DISCONNECTED)
[03 jul 2022, 3:07:20,2 p. m.:ERROR:get_parameters.cc(53)] Unexpected HTTP status: -1
[03 jul 2022, 3:07:20,9 p. m.:ERROR:logging_util.cc(105)] Network error (net::ERR_INTERNET_DISCONNECTED)
[03 jul 2022, 3:07:20,9 p. m.:ERROR:get_available.cc(69)] Unexpected HTTP status: -1
[03 jul 2022, 3:07:22,1 p. m.:ERROR:account.cc(271)] Failed to get issuers
[03 jul 2022, 3:07:44,1 p. m.:ERROR:account.cc(271)] Failed to get issuers
[03 jul 2022, 3:08:34,1 p. m.:ERROR:account.cc(271)] Failed to get issuers
--------------------------------------------------------------------------------
[03 jul 2022, 5:48:49,3 p. m.:ERROR:publisher.cc(774)] Publisher info not found
[03 jul 2022, 5:48:49,3 p. m.:ERROR:publisher.cc(774)] Publisher info not found
--------------------------------------------------------------------------------
[03 jul 2022, 6:04:31,2 p. m.:ERROR:publisher.cc(774)] Publisher info not found
[03 jul 2022, 6:04:31,2 p. m.:ERROR:publisher.cc(774)] Publisher info not found
--------------------------------------------------------------------------------
[03 jul 2022, 6:11:41,5 p. m.:ERROR:logging_util.cc(105)] Network error (net::ERR_NAME_NOT_RESOLVED)
[03 jul 2022, 6:11:41,5 p. m.:ERROR:get_parameters.cc(53)] Unexpected HTTP status: -1
[03 jul 2022, 6:11:43,6 p. m.:ERROR:account.cc(271)] Failed to get issuers
--------------------------------------------------------------------------------
[04 jul 2022, 9:27:31,1 p. m.:ERROR:publisher.cc(774)] Publisher info not found
[04 jul 2022, 9:27:31,1 p. m.:ERROR:publisher.cc(774)] Publisher info not found
--------------------------------------------------------------------------------
[04 jul 2022, 9:51:26,0 p. m.:ERROR:publisher.cc(774)] Publisher info not found
[04 jul 2022, 10:04:32,0 p. m.:ERROR:publisher.cc(774)] Publisher info not found
[04 jul 2022, 10:04:32,0 p. m.:ERROR:publisher.cc(774)] Publisher info not found
--------------------------------------------------------------------------------
[05 jul 2022, 10:44:09,3 a. m.:ERROR:publisher.cc(774)] Publisher info not found
--------------------------------------------------------------------------------
[05 jul 2022, 12:59:16,6 p. m.:ERROR:publisher.cc(774)] Publisher info not found
[05 jul 2022, 12:59:16,6 p. m.:ERROR:publisher.cc(774)] Publisher info not found
[05 jul 2022, 2:50:12,3 p. m.:ERROR:publisher.cc(774)] Publisher info not found
--------------------------------------------------------------------------------
[06 jul 2022, 9:53:05,7 a. m.:ERROR:logging_util.cc(105)] Network error (net::ERR_CERT_COMMON_NAME_INVALID)
[06 jul 2022, 9:53:05,7 a. m.:ERROR:get_parameters.cc(53)] Unexpected HTTP status: -1
[06 jul 2022, 9:53:05,7 a. m.:ERROR:logging_util.cc(105)] Network error (net::ERR_CERT_COMMON_NAME_INVALID)
[06 jul 2022, 9:53:05,7 a. m.:ERROR:get_prefix_list.cc(33)] Unexpected HTTP status: -1
[06 jul 2022, 9:53:05,7 a. m.:ERROR:get_prefix_list.cc(58)] Invalid server response for publisher prefix list
[06 jul 2022, 9:53:05,7 a. m.:ERROR:publisher_prefix_list_updater.cc(77)] Invalid server response for publisher prefix list
[06 jul 2022, 9:53:06,6 a. m.:ERROR:logging_util.cc(105)] Network error (net::ERR_CERT_COMMON_NAME_INVALID)
[06 jul 2022, 9:53:06,6 a. m.:ERROR:get_available.cc(69)] Unexpected HTTP status: -1
[06 jul 2022, 9:53:08,6 a. m.:ERROR:account.cc(271)] Failed to get issuers
[06 jul 2022, 9:53:13,7 a. m.:ERROR:account.cc(271)] Failed to get issuers
--------------------------------------------------------------------------------
[06 jul 2022, 4:42:07,2 p. m.:ERROR:logging_util.cc(105)] Network error (net::ERR_INTERNET_DISCONNECTED)
[06 jul 2022, 4:42:07,2 p. m.:ERROR:get_prefix_list.cc(33)] Unexpected HTTP status: -1
[06 jul 2022, 4:42:07,2 p. m.:ERROR:get_prefix_list.cc(58)] Invalid server response for publisher prefix list
[06 jul 2022, 4:42:07,2 p. m.:ERROR:publisher_prefix_list_updater.cc(77)] Invalid server response for publisher prefix list
[06 jul 2022, 4:42:07,2 p. m.:ERROR:logging_util.cc(105)] Network error (net::ERR_INTERNET_DISCONNECTED)
[06 jul 2022, 4:42:07,2 p. m.:ERROR:get_parameters.cc(53)] Unexpected HTTP status: -1
[06 jul 2022, 4:42:08,0 p. m.:ERROR:logging_util.cc(105)] Network error (net::ERR_INTERNET_DISCONNECTED)
[06 jul 2022, 4:42:08,0 p. m.:ERROR:get_available.cc(69)] Unexpected HTTP status: -1
[06 jul 2022, 4:42:10,2 p. m.:ERROR:account.cc(271)] Failed to get issuers
--------------------------------------------------------------------------------
[08 jul 2022, 9:19:28,9 a. m.:ERROR:refill_unblinded_tokens.cc(190)] Failed to get signed tokens
[08 jul 2022, 9:36:38,4 a. m.:ERROR:publisher.cc(774)] Publisher info not found
--------------------------------------------------------------------------------
[08 jul 2022, 12:09:46,8 p. m.:ERROR:publisher.cc(774)] Publisher info not found
[08 jul 2022, 12:09:46,8 p. m.:ERROR:publisher.cc(774)] Publisher info not found
--------------------------------------------------------------------------------
[08 jul 2022, 5:15:40,2 p. m.:ERROR:publisher.cc(774)] Publisher info not found
--------------------------------------------------------------------------------
[08 jul 2022, 6:59:40,9 p. m.:ERROR:logging_util.cc(105)] Network error (net::ERR_INTERNET_DISCONNECTED)
[08 jul 2022, 6:59:40,9 p. m.:ERROR:get_parameters.cc(53)] Unexpected HTTP status: -1
[08 jul 2022, 6:59:43,6 p. m.:ERROR:account.cc(271)] Failed to get issuers
[08 jul 2022, 6:59:56,6 p. m.:ERROR:account.cc(271)] Failed to get issuers
[08 jul 2022, 7:00:10,8 p. m.:ERROR:logging_util.cc(105)] Network error (net::ERR_INTERNET_DISCONNECTED)
[08 jul 2022, 7:00:10,8 p. m.:ERROR:get_available.cc(69)] Unexpected HTTP status: -1
[08 jul 2022, 8:11:33,9 p. m.:ERROR:publisher.cc(774)] Publisher info not found
--------------------------------------------------------------------------------
[10 jul 2022, 10:15:15,0 a. m.:ERROR:logging_util.cc(105)] Network error (net::ERR_INTERNET_DISCONNECTED)
[10 jul 2022, 10:15:15,0 a. m.:ERROR:get_parameters.cc(53)] Unexpected HTTP status: -1
[10 jul 2022, 10:15:17,8 a. m.:ERROR:account.cc(271)] Failed to get issuers
[10 jul 2022, 10:15:32,8 a. m.:ERROR:account.cc(271)] Failed to get issuers
[10 jul 2022, 10:15:44,9 a. m.:ERROR:logging_util.cc(105)] Network error (net::ERR_INTERNET_DISCONNECTED)
[10 jul 2022, 10:15:44,9 a. m.:ERROR:get_available.cc(69)] Unexpected HTTP status: -1
--------------------------------------------------------------------------------
[10 jul 2022, 2:56:57,8 p. m.:ERROR:logging_util.cc(105)] Network error (net::ERR_INTERNET_DISCONNECTED)
[10 jul 2022, 2:56:57,9 p. m.:ERROR:get_parameters.cc(53)] Unexpected HTTP status: -1
[10 jul 2022, 2:57:00,0 p. m.:ERROR:account.cc(271)] Failed to get issuers
[10 jul 2022, 2:57:27,8 p. m.:ERROR:logging_util.cc(105)] Network error (net::ERR_INTERNET_DISCONNECTED)
[10 jul 2022, 2:57:27,8 p. m.:ERROR:get_available.cc(69)] Unexpected HTTP status: -1
--------------------------------------------------------------------------------
[10 jul 2022, 3:52:03,4 p. m.:ERROR:publisher.cc(774)] Publisher info not found
[10 jul 2022, 3:52:03,4 p. m.:ERROR:publisher.cc(774)] Publisher info not found
[10 jul 2022, 3:55:28,4 p. m.:ERROR:publisher.cc(774)] Publisher info not found
[10 jul 2022, 3:55:28,4 p. m.:ERROR:publisher.cc(774)] Publisher info not found
[10 jul 2022, 4:13:18,3 p. m.:ERROR:publisher.cc(774)] Publisher info not found
[10 jul 2022, 4:13:18,3 p. m.:ERROR:publisher.cc(774)] Publisher info not found
[10 jul 2022, 4:15:08,7 p. m.:ERROR:publisher.cc(774)] Publisher info not found
[10 jul 2022, 4:18:01,3 p. m.:ERROR:publisher.cc(774)] Publisher info not found
[10 jul 2022, 4:18:01,3 p. m.:ERROR:publisher.cc(774)] Publisher info not found
[10 jul 2022, 4:43:43,0 p. m.:ERROR:refill_unblinded_tokens.cc(190)] Failed to get signed tokens
--------------------------------------------------------------------------------
[12 jul 2022, 9:49:36,0 a. m.:ERROR:logging_util.cc(105)] Network error (net::ERR_CERT_COMMON_NAME_INVALID)
[12 jul 2022, 9:49:36,1 a. m.:ERROR:get_parameters.cc(53)] Unexpected HTTP status: -1
[12 jul 2022, 9:49:38,8 a. m.:ERROR:account.cc(271)] Failed to get issuers
--------------------------------------------------------------------------------
[12 jul 2022, 11:34:53,3 a. m.:ERROR:logging_util.cc(105)] Network error (net::ERR_CERT_COMMON_NAME_INVALID)
[12 jul 2022, 11:34:53,3 a. m.:ERROR:get_parameters.cc(53)] Unexpected HTTP status: -1
[12 jul 2022, 11:34:54,0 a. m.:ERROR:logging_util.cc(105)] Network error (net::ERR_CERT_COMMON_NAME_INVALID)
[12 jul 2022, 11:34:54,0 a. m.:ERROR:get_available.cc(69)] Unexpected HTTP status: -1
[12 jul 2022, 11:34:55,4 a. m.:ERROR:account.cc(271)] Failed to get issuers
[12 jul 2022, 11:35:06,4 a. m.:ERROR:account.cc(271)] Failed to get issuers
--------------------------------------------------------------------------------
[12 jul 2022, 4:37:07,2 p. m.:ERROR:publisher.cc(774)] Publisher info not found
--------------------------------------------------------------------------------
[13 jul 2022, 1:47:41,0 p. m.:ERROR:logging_util.cc(105)] Network error (net::ERR_CERT_COMMON_NAME_INVALID)
[13 jul 2022, 1:47:41,0 p. m.:ERROR:get_parameters.cc(53)] Unexpected HTTP status: -1
[13 jul 2022, 1:47:42,9 p. m.:ERROR:account.cc(271)] Failed to get issuers
--------------------------------------------------------------------------------
[14 jul 2022, 10:54:31,9 p. m.:ERROR:publisher.cc(774)] Publisher info not found
--------------------------------------------------------------------------------
[15 jul 2022, 5:06:08,2 p. m.:ERROR:publisher.cc(774)] Publisher info not found
[15 jul 2022, 5:18:25,4 p. m.:ERROR:refill_unblinded_tokens.cc(190)] Failed to get signed tokens
[15 jul 2022, 6:04:10,4 p. m.:ERROR:publisher.cc(774)] Publisher info not found
--------------------------------------------------------------------------------
[15 jul 2022, 10:33:09,1 p. m.:ERROR:publisher.cc(774)] Publisher info not found
--------------------------------------------------------------------------------
[16 jul 2022, 8:51:47,9 a. m.:ERROR:logging_util.cc(105)] Network error (net::ERR_INTERNET_DISCONNECTED)
[16 jul 2022, 8:51:47,9 a. m.:ERROR:get_parameters.cc(53)] Unexpected HTTP status: -1
[16 jul 2022, 11:01:56,0 a. m.:ERROR:publisher.cc(774)] Publisher info not found
--------------------------------------------------------------------------------
[16 jul 2022, 4:05:48,9 p. m.:ERROR:publisher.cc(774)] Publisher info not found
[16 jul 2022, 4:39:05,5 p. m.:ERROR:publisher.cc(774)] Publisher info not found
[16 jul 2022, 4:39:05,5 p. m.:ERROR:publisher.cc(774)] Publisher info not found
[16 jul 2022, 5:38:43,1 p. m.:ERROR:refill_unblinded_tokens.cc(190)] Failed to get signed tokens
--------------------------------------------------------------------------------
[16 jul 2022, 6:26:46,5 p. m.:ERROR:publisher.cc(774)] Publisher info not found
--------------------------------------------------------------------------------
[17 jul 2022, 9:46:49,9 a. m.:ERROR:publisher.cc(774)] Publisher info not found
--------------------------------------------------------------------------------
[17 jul 2022, 12:10:08,2 p. m.:ERROR:publisher.cc(774)] Publisher info not found
[17 jul 2022, 12:10:08,2 p. m.:ERROR:publisher.cc(774)] Publisher info not found
[17 jul 2022, 12:10:08,2 p. m.:ERROR:publisher.cc(774)] Publisher info not found
--------------------------------------------------------------------------------
[17 jul 2022, 9:20:50,7 p. m.:ERROR:publisher.cc(774)] Publisher info not found
[17 jul 2022, 10:07:22,0 p. m.:ERROR:logging_util.cc(105)] Network error (net::ERR_INTERNET_DISCONNECTED)
[17 jul 2022, 10:07:22,0 p. m.:ERROR:get_publisher.cc(173)] Unexpected HTTP status: -1
--------------------------------------------------------------------------------
[18 jul 2022, 12:02:20,3 p. m.:ERROR:publisher.cc(774)] Publisher info not found
[18 jul 2022, 12:02:20,3 p. m.:ERROR:publisher.cc(774)] Publisher info not found
--------------------------------------------------------------------------------
[18 jul 2022, 3:03:35,0 p. m.:ERROR:logging_util.cc(105)] Network error (net::ERR_INTERNET_DISCONNECTED)
[18 jul 2022, 3:03:35,0 p. m.:ERROR:get_parameters.cc(53)] Unexpected HTTP status: -1
[18 jul 2022, 3:03:36,9 p. m.:ERROR:account.cc(271)] Failed to get issuers
[18 jul 2022, 3:04:05,0 p. m.:ERROR:logging_util.cc(105)] Network error (net::ERR_INTERNET_DISCONNECTED)
[18 jul 2022, 3:04:05,0 p. m.:ERROR:get_available.cc(69)] Unexpected HTTP status: -1
--------------------------------------------------------------------------------
[19 jul 2022, 11:55:45,7 a. m.:ERROR:refill_unblinded_tokens.cc(190)] Failed to get signed tokens
--------------------------------------------------------------------------------
[19 jul 2022, 10:32:08,6 p. m.:ERROR:publisher.cc(774)] Publisher info not found
[19 jul 2022, 10:32:45,7 p. m.:ERROR:publisher.cc(774)] Publisher info not found
--------------------------------------------------------------------------------
[20 jul 2022, 4:38:19,4 p. m.:ERROR:logging_util.cc(105)] Network error (net::ERR_NAME_NOT_RESOLVED)
[20 jul 2022, 4:38:19,4 p. m.:ERROR:get_parameters.cc(53)] Unexpected HTTP status: -1
[20 jul 2022, 4:58:14,8 p. m.:ERROR:publisher.cc(774)] Publisher info not found
[20 jul 2022, 4:58:54,5 p. m.:ERROR:publisher.cc(774)] Publisher info not found
[20 jul 2022, 5:02:19,7 p. m.:ERROR:publisher.cc(774)] Publisher info not found
[20 jul 2022, 5:40:49,8 p. m.:ERROR:publisher.cc(774)] Publisher info not found
[20 jul 2022, 5:41:52,4 p. m.:ERROR:publisher.cc(774)] Publisher info not found
[20 jul 2022, 5:55:54,2 p. m.:ERROR:publisher.cc(774)] Publisher info not found
--------------------------------------------------------------------------------
[20 jul 2022, 9:18:57,9 p. m.:ERROR:publisher.cc(774)] Publisher info not found
--------------------------------------------------------------------------------
[21 jul 2022, 5:00:59,4 p. m.:ERROR:publisher.cc(774)] Publisher info not found
--------------------------------------------------------------------------------
[21 jul 2022, 8:55:46,7 p. m.:ERROR:publisher.cc(774)] Publisher info not found
[21 jul 2022, 8:56:17,4 p. m.:ERROR:publisher.cc(774)] Publisher info not found
[21 jul 2022, 10:52:08,0 p. m.:ERROR:publisher.cc(774)] Publisher info not found
[21 jul 2022, 10:52:08,0 p. m.:ERROR:publisher.cc(774)] Publisher info not found
[21 jul 2022, 11:00:11,3 p. m.:ERROR:publisher.cc(774)] Publisher info not found
--------------------------------------------------------------------------------
[22 jul 2022, 9:50:58,6 a. m.:ERROR:publisher.cc(774)] Publisher info not found
--------------------------------------------------------------------------------
[22 jul 2022, 3:06:35,0 p. m.:ERROR:logging_util.cc(105)] Network error (net::ERR_INTERNET_DISCONNECTED)
[22 jul 2022, 3:06:35,1 p. m.:ERROR:get_parameters.cc(53)] Unexpected HTTP status: -1
[22 jul 2022, 3:06:37,6 p. m.:ERROR:logging_util.cc(105)] Network error (net::ERR_INTERNET_DISCONNECTED)
[22 jul 2022, 3:06:37,6 p. m.:ERROR:get_available.cc(69)] Unexpected HTTP status: -1
[22 jul 2022, 3:06:37,9 p. m.:ERROR:account.cc(271)] Failed to get issuers
[22 jul 2022, 3:07:01,9 p. m.:ERROR:account.cc(271)] Failed to get issuers
[22 jul 2022, 3:07:49,9 p. m.:ERROR:account.cc(271)] Failed to get issuers
[22 jul 2022, 3:13:04,9 p. m.:ERROR:account.cc(271)] Failed to get issuers
[22 jul 2022, 3:23:38,9 p. m.:ERROR:account.cc(271)] Failed to get issuers
--------------------------------------------------------------------------------
[22 jul 2022, 4:37:51,5 p. m.:ERROR:publisher.cc(774)] Publisher info not found
--------------------------------------------------------------------------------
[23 jul 2022, 9:34:29,4 p. m.:ERROR:logging_util.cc(105)] Network error (net::ERR_INTERNET_DISCONNECTED)
[23 jul 2022, 9:34:29,4 p. m.:ERROR:get_parameters.cc(53)] Unexpected HTTP status: -1
[23 jul 2022, 9:34:30,1 p. m.:ERROR:logging_util.cc(105)] Network error (net::ERR_INTERNET_DISCONNECTED)
[23 jul 2022, 9:34:30,1 p. m.:ERROR:get_available.cc(69)] Unexpected HTTP status: -1
[23 jul 2022, 9:34:31,3 p. m.:ERROR:account.cc(271)] Failed to get issuers
--------------------------------------------------------------------------------
[24 jul 2022, 10:09:04,1 a. m.:ERROR:refill_unblinded_tokens.cc(190)] Failed to get signed tokens
[24 jul 2022, 10:18:48,6 a. m.:ERROR:publisher.cc(774)] Publisher info not found
[24 jul 2022, 10:18:48,6 a. m.:ERROR:publisher.cc(774)] Publisher info not found
[24 jul 2022, 11:12:51,1 a. m.:ERROR:publisher.cc(845)] Failed to retrieve publisher info while updating media duration
[24 jul 2022, 11:12:51,1 a. m.:ERROR:publisher.cc(845)] Failed to retrieve publisher info while updating media duration
[24 jul 2022, 11:12:51,1 a. m.:ERROR:publisher.cc(845)] Failed to retrieve publisher info while updating media duration
[24 jul 2022, 11:12:51,1 a. m.:ERROR:publisher.cc(845)] Failed to retrieve publisher info while updating media duration
[24 jul 2022, 11:12:51,5 a. m.:ERROR:publisher.cc(774)] Publisher info not found
--------------------------------------------------------------------------------
[24 jul 2022, 9:42:55,7 p. m.:ERROR:publisher.cc(774)] Publisher info not found
[24 jul 2022, 9:42:55,7 p. m.:ERROR:publisher.cc(774)] Publisher info not found
--------------------------------------------------------------------------------
[25 jul 2022, 8:28:39,5 a. m.:ERROR:logging_util.cc(105)] Network error (net::ERR_INTERNET_DISCONNECTED)
[25 jul 2022, 8:28:39,5 a. m.:ERROR:get_parameters.cc(53)] Unexpected HTTP status: -1
[25 jul 2022, 8:28:42,3 a. m.:ERROR:account.cc(271)] Failed to get issuers
[25 jul 2022, 8:28:43,2 a. m.:ERROR:logging_util.cc(105)] Network error (net::ERR_INTERNET_DISCONNECTED)
[25 jul 2022, 8:28:43,2 a. m.:ERROR:get_available.cc(69)] Unexpected HTTP status: -1
[25 jul 2022, 8:28:50,3 a. m.:ERROR:account.cc(271)] Failed to get issuers
--------------------------------------------------------------------------------
[25 jul 2022, 3:03:19,5 p. m.:ERROR:publisher.cc(845)] Failed to retrieve publisher info while updating media duration
[25 jul 2022, 3:03:20,1 p. m.:ERROR:publisher.cc(774)] Publisher info not found
[25 jul 2022, 3:03:20,1 p. m.:ERROR:publisher.cc(774)] Publisher info not found
[25 jul 2022, 3:04:15,2 p. m.:ERROR:publisher.cc(774)] Publisher info not found
[25 jul 2022, 3:04:15,2 p. m.:ERROR:publisher.cc(774)] Publisher info not found
--------------------------------------------------------------------------------
[26 jul 2022, 12:25:14,2 p. m.:ERROR:logging_util.cc(105)] Network error (net::ERR_INTERNET_DISCONNECTED)
[26 jul 2022, 12:25:14,2 p. m.:ERROR:account.cc(271)] Failed to get issuers
[26 jul 2022, 12:25:14,2 p. m.:ERROR:get_parameters.cc(53)] Unexpected HTTP status: -1
[26 jul 2022, 12:25:14,2 p. m.:ERROR:logging_util.cc(105)] Network error (net::ERR_INTERNET_DISCONNECTED)
[26 jul 2022, 12:25:14,2 p. m.:ERROR:get_available.cc(69)] Unexpected HTTP status: -1
[26 jul 2022, 12:39:08,0 p. m.:ERROR:publisher.cc(774)] Publisher info not found
--------------------------------------------------------------------------------
[28 jul 2022, 3:50:12,6 p. m.:ERROR:refill_unblinded_tokens.cc(190)] Failed to get signed tokens
--------------------------------------------------------------------------------
[28 jul 2022, 5:39:35,0 p. m.:ERROR:publisher.cc(774)] Publisher info not found
[28 jul 2022, 5:39:35,0 p. m.:ERROR:publisher.cc(774)] Publisher info not found
[28 jul 2022, 5:43:55,5 p. m.:ERROR:publisher.cc(774)] Publisher info not found
[28 jul 2022, 5:43:55,5 p. m.:ERROR:publisher.cc(774)] Publisher info not found
[28 jul 2022, 5:54:48,7 p. m.:ERROR:publisher.cc(774)] Publisher info not found
[28 jul 2022, 5:54:48,7 p. m.:ERROR:publisher.cc(774)] Publisher info not found
[28 jul 2022, 5:55:54,5 p. m.:ERROR:publisher.cc(774)] Publisher info not found
--------------------------------------------------------------------------------
[29 jul 2022, 10:18:58,6 a. m.:ERROR:publisher.cc(774)] Publisher info not found
